============================= test session starts =============================
platform win32 -- Python 3.6.5, pytest-3.10.1, py-1.5.3, pluggy-0.12.0
rootdir: C:\Users\Saad Malik\Desktop\a06, inifile:
plugins: arraydiff-0.2, doctestplus-0.1.3, openfiles-0.3.0, remotedata-0.2.1, timeout-1.3.3
timeout: 3.0s
timeout method: thread
timeout func_only: False
collected 11 items

test_student.py FFFFFFFFFFF                                              [100%]

================================== FAILURES ===================================
_______________________________ test_s_person_1 _______________________________

    def test_s_person_1():
>       director = Person("Director")
E       NameError: name 'Person' is not defined

test_student.py:60: NameError
______________________________ test_s_find_val_1 ______________________________

    def test_s_find_val_1():
>       t_d = get_hier()

test_student.py:67: 
_ _ _ _ _ _ _ _ _ _ _ _ _ _ _ _ _ _ _ _ _ _ _ _ _ _ _ _ _ _ _ _ _ _ _ _ _ _ _ _

    def get_hier():
>       director = Person("Director")
E       NameError: name 'Person' is not defined

test_student.py:19: NameError
______________________________ test_s_find_val_2 ______________________________

    def test_s_find_val_2():
>       t_d = get_hier()

test_student.py:72: 
_ _ _ _ _ _ _ _ _ _ _ _ _ _ _ _ _ _ _ _ _ _ _ _ _ _ _ _ _ _ _ _ _ _ _ _ _ _ _ _

    def get_hier():
>       director = Person("Director")
E       NameError: name 'Person' is not defined

test_student.py:19: NameError
______________________________ test_s_find_val_3 ______________________________

    def test_s_find_val_3():
>       t_d = get_hier_2()

test_student.py:78: 
_ _ _ _ _ _ _ _ _ _ _ _ _ _ _ _ _ _ _ _ _ _ _ _ _ _ _ _ _ _ _ _ _ _ _ _ _ _ _ _

    def get_hier_2():
>       director = Person("Rector")
E       NameError: name 'Person' is not defined

test_student.py:39: NameError
______________________________ test_s_find_val_4 ______________________________

    def test_s_find_val_4():
>       t_d = get_hier_2()

test_student.py:84: 
_ _ _ _ _ _ _ _ _ _ _ _ _ _ _ _ _ _ _ _ _ _ _ _ _ _ _ _ _ _ _ _ _ _ _ _ _ _ _ _

    def get_hier_2():
>       director = Person("Rector")
E       NameError: name 'Person' is not defined

test_student.py:39: NameError
______________________________ test_s_find_val_5 ______________________________

    def test_s_find_val_5():
>       t_d = get_hier_2()

test_student.py:90: 
_ _ _ _ _ _ _ _ _ _ _ _ _ _ _ _ _ _ _ _ _ _ _ _ _ _ _ _ _ _ _ _ _ _ _ _ _ _ _ _

    def get_hier_2():
>       director = Person("Rector")
E       NameError: name 'Person' is not defined

test_student.py:39: NameError
_____________________________ test_s_collector_1 ______________________________

    def test_s_collector_1():
>       t_d = get_hier()

test_student.py:104: 
_ _ _ _ _ _ _ _ _ _ _ _ _ _ _ _ _ _ _ _ _ _ _ _ _ _ _ _ _ _ _ _ _ _ _ _ _ _ _ _

    def get_hier():
>       director = Person("Director")
E       NameError: name 'Person' is not defined

test_student.py:19: NameError
_____________________________ test_s_collector_2 ______________________________

    def test_s_collector_2():
>       t_d = get_hier()

test_student.py:110: 
_ _ _ _ _ _ _ _ _ _ _ _ _ _ _ _ _ _ _ _ _ _ _ _ _ _ _ _ _ _ _ _ _ _ _ _ _ _ _ _

    def get_hier():
>       director = Person("Director")
E       NameError: name 'Person' is not defined

test_student.py:19: NameError
_____________________________ test_s_hierarchy_1 ______________________________

    def test_s_hierarchy_1():
>       t_d = get_hier()

test_student.py:117: 
_ _ _ _ _ _ _ _ _ _ _ _ _ _ _ _ _ _ _ _ _ _ _ _ _ _ _ _ _ _ _ _ _ _ _ _ _ _ _ _

    def get_hier():
>       director = Person("Director")
E       NameError: name 'Person' is not defined

test_student.py:19: NameError
_____________________________ test_s_hierarchy_2 ______________________________

    def test_s_hierarchy_2():
>       t_d = get_hier()

test_student.py:123: 
_ _ _ _ _ _ _ _ _ _ _ _ _ _ _ _ _ _ _ _ _ _ _ _ _ _ _ _ _ _ _ _ _ _ _ _ _ _ _ _

    def get_hier():
>       director = Person("Director")
E       NameError: name 'Person' is not defined

test_student.py:19: NameError
_____________________________ test_s_hierarchy_3 ______________________________

    def test_s_hierarchy_3():
>       t_d = get_hier()

test_student.py:129: 
_ _ _ _ _ _ _ _ _ _ _ _ _ _ _ _ _ _ _ _ _ _ _ _ _ _ _ _ _ _ _ _ _ _ _ _ _ _ _ _

    def get_hier():
>       director = Person("Director")
E       NameError: name 'Person' is not defined

test_student.py:19: NameError
========================== 11 failed in 0.48 seconds ==========================
============================= test session starts =============================
platform win32 -- Python 3.6.5, pytest-3.10.1, py-1.5.3, pluggy-0.12.0
rootdir: C:\Users\Saad Malik\Desktop\a06, inifile:
plugins: arraydiff-0.2, doctestplus-0.1.3, openfiles-0.3.0, remotedata-0.2.1, timeout-1.3.3
timeout: 3.0s
timeout method: thread
timeout func_only: False
collected 11 items

test_student.py FFFFFFFFFFF                                              [100%]

================================== FAILURES ===================================
_______________________________ test_s_person_1 _______________________________

    def test_s_person_1():
>       director = Person("Director")
E       NameError: name 'Person' is not defined

test_student.py:60: NameError
______________________________ test_s_find_val_1 ______________________________

    def test_s_find_val_1():
>       t_d = get_hier()

test_student.py:67: 
_ _ _ _ _ _ _ _ _ _ _ _ _ _ _ _ _ _ _ _ _ _ _ _ _ _ _ _ _ _ _ _ _ _ _ _ _ _ _ _

    def get_hier():
>       director = Person("Director")
E       NameError: name 'Person' is not defined

test_student.py:19: NameError
______________________________ test_s_find_val_2 ______________________________

    def test_s_find_val_2():
>       t_d = get_hier()

test_student.py:72: 
_ _ _ _ _ _ _ _ _ _ _ _ _ _ _ _ _ _ _ _ _ _ _ _ _ _ _ _ _ _ _ _ _ _ _ _ _ _ _ _

    def get_hier():
>       director = Person("Director")
E       NameError: name 'Person' is not defined

test_student.py:19: NameError
______________________________ test_s_find_val_3 ______________________________

    def test_s_find_val_3():
>       t_d = get_hier_2()

test_student.py:78: 
_ _ _ _ _ _ _ _ _ _ _ _ _ _ _ _ _ _ _ _ _ _ _ _ _ _ _ _ _ _ _ _ _ _ _ _ _ _ _ _

    def get_hier_2():
>       director = Person("Rector")
E       NameError: name 'Person' is not defined

test_student.py:39: NameError
______________________________ test_s_find_val_4 ______________________________

    def test_s_find_val_4():
>       t_d = get_hier_2()

test_student.py:84: 
_ _ _ _ _ _ _ _ _ _ _ _ _ _ _ _ _ _ _ _ _ _ _ _ _ _ _ _ _ _ _ _ _ _ _ _ _ _ _ _

    def get_hier_2():
>       director = Person("Rector")
E       NameError: name 'Person' is not defined

test_student.py:39: NameError
______________________________ test_s_find_val_5 ______________________________

    def test_s_find_val_5():
>       t_d = get_hier_2()

test_student.py:90: 
_ _ _ _ _ _ _ _ _ _ _ _ _ _ _ _ _ _ _ _ _ _ _ _ _ _ _ _ _ _ _ _ _ _ _ _ _ _ _ _

    def get_hier_2():
>       director = Person("Rector")
E       NameError: name 'Person' is not defined

test_student.py:39: NameError
_____________________________ test_s_collector_1 ______________________________

    def test_s_collector_1():
>       t_d = get_hier()

test_student.py:104: 
_ _ _ _ _ _ _ _ _ _ _ _ _ _ _ _ _ _ _ _ _ _ _ _ _ _ _ _ _ _ _ _ _ _ _ _ _ _ _ _

    def get_hier():
>       director = Person("Director")
E       NameError: name 'Person' is not defined

test_student.py:19: NameError
_____________________________ test_s_collector_2 ______________________________

    def test_s_collector_2():
>       t_d = get_hier()

test_student.py:110: 
_ _ _ _ _ _ _ _ _ _ _ _ _ _ _ _ _ _ _ _ _ _ _ _ _ _ _ _ _ _ _ _ _ _ _ _ _ _ _ _

    def get_hier():
>       director = Person("Director")
E       NameError: name 'Person' is not defined

test_student.py:19: NameError
_____________________________ test_s_hierarchy_1 ______________________________

    def test_s_hierarchy_1():
>       t_d = get_hier()

test_student.py:117: 
_ _ _ _ _ _ _ _ _ _ _ _ _ _ _ _ _ _ _ _ _ _ _ _ _ _ _ _ _ _ _ _ _ _ _ _ _ _ _ _

    def get_hier():
>       director = Person("Director")
E       NameError: name 'Person' is not defined

test_student.py:19: NameError
_____________________________ test_s_hierarchy_2 ______________________________

    def test_s_hierarchy_2():
>       t_d = get_hier()

test_student.py:123: 
_ _ _ _ _ _ _ _ _ _ _ _ _ _ _ _ _ _ _ _ _ _ _ _ _ _ _ _ _ _ _ _ _ _ _ _ _ _ _ _

    def get_hier():
>       director = Person("Director")
E       NameError: name 'Person' is not defined

test_student.py:19: NameError
_____________________________ test_s_hierarchy_3 ______________________________

    def test_s_hierarchy_3():
>       t_d = get_hier()

test_student.py:129: 
_ _ _ _ _ _ _ _ _ _ _ _ _ _ _ _ _ _ _ _ _ _ _ _ _ _ _ _ _ _ _ _ _ _ _ _ _ _ _ _

    def get_hier():
>       director = Person("Director")
E       NameError: name 'Person' is not defined

test_student.py:19: NameError
========================== 11 failed in 0.26 seconds ==========================
============================= test session starts =============================
platform win32 -- Python 3.6.5, pytest-3.10.1, py-1.5.3, pluggy-0.12.0
rootdir: C:\Users\Saad Malik\Desktop\a06, inifile:
plugins: arraydiff-0.2, doctestplus-0.1.3, openfiles-0.3.0, remotedata-0.2.1, timeout-1.3.3
timeout: 3.0s
timeout method: thread
timeout func_only: False
collected 11 items

test_student.py FFFFFFFFFFF                                              [100%]

================================== FAILURES ===================================
_______________________________ test_s_person_1 _______________________________

    def test_s_person_1():
>       director = Person("Director")
E       NameError: name 'Person' is not defined

test_student.py:60: NameError
______________________________ test_s_find_val_1 ______________________________

    def test_s_find_val_1():
>       t_d = get_hier()

test_student.py:67: 
_ _ _ _ _ _ _ _ _ _ _ _ _ _ _ _ _ _ _ _ _ _ _ _ _ _ _ _ _ _ _ _ _ _ _ _ _ _ _ _

    def get_hier():
>       director = Person("Director")
E       NameError: name 'Person' is not defined

test_student.py:19: NameError
______________________________ test_s_find_val_2 ______________________________

    def test_s_find_val_2():
>       t_d = get_hier()

test_student.py:72: 
_ _ _ _ _ _ _ _ _ _ _ _ _ _ _ _ _ _ _ _ _ _ _ _ _ _ _ _ _ _ _ _ _ _ _ _ _ _ _ _

    def get_hier():
>       director = Person("Director")
E       NameError: name 'Person' is not defined

test_student.py:19: NameError
______________________________ test_s_find_val_3 ______________________________

    def test_s_find_val_3():
>       t_d = get_hier_2()

test_student.py:78: 
_ _ _ _ _ _ _ _ _ _ _ _ _ _ _ _ _ _ _ _ _ _ _ _ _ _ _ _ _ _ _ _ _ _ _ _ _ _ _ _

    def get_hier_2():
>       director = Person("Rector")
E       NameError: name 'Person' is not defined

test_student.py:39: NameError
______________________________ test_s_find_val_4 ______________________________

    def test_s_find_val_4():
>       t_d = get_hier_2()

test_student.py:84: 
_ _ _ _ _ _ _ _ _ _ _ _ _ _ _ _ _ _ _ _ _ _ _ _ _ _ _ _ _ _ _ _ _ _ _ _ _ _ _ _

    def get_hier_2():
>       director = Person("Rector")
E       NameError: name 'Person' is not defined

test_student.py:39: NameError
______________________________ test_s_find_val_5 ______________________________

    def test_s_find_val_5():
>       t_d = get_hier_2()

test_student.py:90: 
_ _ _ _ _ _ _ _ _ _ _ _ _ _ _ _ _ _ _ _ _ _ _ _ _ _ _ _ _ _ _ _ _ _ _ _ _ _ _ _

    def get_hier_2():
>       director = Person("Rector")
E       NameError: name 'Person' is not defined

test_student.py:39: NameError
_____________________________ test_s_collector_1 ______________________________

    def test_s_collector_1():
>       t_d = get_hier()

test_student.py:104: 
_ _ _ _ _ _ _ _ _ _ _ _ _ _ _ _ _ _ _ _ _ _ _ _ _ _ _ _ _ _ _ _ _ _ _ _ _ _ _ _

    def get_hier():
>       director = Person("Director")
E       NameError: name 'Person' is not defined

test_student.py:19: NameError
_____________________________ test_s_collector_2 ______________________________

    def test_s_collector_2():
>       t_d = get_hier()

test_student.py:110: 
_ _ _ _ _ _ _ _ _ _ _ _ _ _ _ _ _ _ _ _ _ _ _ _ _ _ _ _ _ _ _ _ _ _ _ _ _ _ _ _

    def get_hier():
>       director = Person("Director")
E       NameError: name 'Person' is not defined

test_student.py:19: NameError
_____________________________ test_s_hierarchy_1 ______________________________

    def test_s_hierarchy_1():
>       t_d = get_hier()

test_student.py:117: 
_ _ _ _ _ _ _ _ _ _ _ _ _ _ _ _ _ _ _ _ _ _ _ _ _ _ _ _ _ _ _ _ _ _ _ _ _ _ _ _

    def get_hier():
>       director = Person("Director")
E       NameError: name 'Person' is not defined

test_student.py:19: NameError
_____________________________ test_s_hierarchy_2 ______________________________

    def test_s_hierarchy_2():
>       t_d = get_hier()

test_student.py:123: 
_ _ _ _ _ _ _ _ _ _ _ _ _ _ _ _ _ _ _ _ _ _ _ _ _ _ _ _ _ _ _ _ _ _ _ _ _ _ _ _

    def get_hier():
>       director = Person("Director")
E       NameError: name 'Person' is not defined

test_student.py:19: NameError
_____________________________ test_s_hierarchy_3 ______________________________

    def test_s_hierarchy_3():
>       t_d = get_hier()

test_student.py:129: 
_ _ _ _ _ _ _ _ _ _ _ _ _ _ _ _ _ _ _ _ _ _ _ _ _ _ _ _ _ _ _ _ _ _ _ _ _ _ _ _

    def get_hier():
>       director = Person("Director")
E       NameError: name 'Person' is not defined

test_student.py:19: NameError
========================== 11 failed in 0.40 seconds ==========================
============================= test session starts =============================
platform win32 -- Python 3.6.5, pytest-3.10.1, py-1.5.3, pluggy-0.12.0
rootdir: C:\Users\Saad Malik\Desktop\a06, inifile:
plugins: arraydiff-0.2, doctestplus-0.1.3, openfiles-0.3.0, remotedata-0.2.1, timeout-1.3.3
timeout: 3.0s
timeout method: thread
timeout func_only: False
collected 11 items

test_student.py FFFFFFFFFFF                                              [100%]

================================== FAILURES ===================================
_______________________________ test_s_person_1 _______________________________

    def test_s_person_1():
>       director = Person("Director")
E       NameError: name 'Person' is not defined

test_student.py:60: NameError
______________________________ test_s_find_val_1 ______________________________

    def test_s_find_val_1():
>       t_d = get_hier()

test_student.py:67: 
_ _ _ _ _ _ _ _ _ _ _ _ _ _ _ _ _ _ _ _ _ _ _ _ _ _ _ _ _ _ _ _ _ _ _ _ _ _ _ _

    def get_hier():
>       director = Person("Director")
E       NameError: name 'Person' is not defined

test_student.py:19: NameError
______________________________ test_s_find_val_2 ______________________________

    def test_s_find_val_2():
>       t_d = get_hier()

test_student.py:72: 
_ _ _ _ _ _ _ _ _ _ _ _ _ _ _ _ _ _ _ _ _ _ _ _ _ _ _ _ _ _ _ _ _ _ _ _ _ _ _ _

    def get_hier():
>       director = Person("Director")
E       NameError: name 'Person' is not defined

test_student.py:19: NameError
______________________________ test_s_find_val_3 ______________________________

    def test_s_find_val_3():
>       t_d = get_hier_2()

test_student.py:78: 
_ _ _ _ _ _ _ _ _ _ _ _ _ _ _ _ _ _ _ _ _ _ _ _ _ _ _ _ _ _ _ _ _ _ _ _ _ _ _ _

    def get_hier_2():
>       director = Person("Rector")
E       NameError: name 'Person' is not defined

test_student.py:39: NameError
______________________________ test_s_find_val_4 ______________________________

    def test_s_find_val_4():
>       t_d = get_hier_2()

test_student.py:84: 
_ _ _ _ _ _ _ _ _ _ _ _ _ _ _ _ _ _ _ _ _ _ _ _ _ _ _ _ _ _ _ _ _ _ _ _ _ _ _ _

    def get_hier_2():
>       director = Person("Rector")
E       NameError: name 'Person' is not defined

test_student.py:39: NameError
______________________________ test_s_find_val_5 ______________________________

    def test_s_find_val_5():
>       t_d = get_hier_2()

test_student.py:90: 
_ _ _ _ _ _ _ _ _ _ _ _ _ _ _ _ _ _ _ _ _ _ _ _ _ _ _ _ _ _ _ _ _ _ _ _ _ _ _ _

    def get_hier_2():
>       director = Person("Rector")
E       NameError: name 'Person' is not defined

test_student.py:39: NameError
_____________________________ test_s_collector_1 ______________________________

    def test_s_collector_1():
>       t_d = get_hier()

test_student.py:104: 
_ _ _ _ _ _ _ _ _ _ _ _ _ _ _ _ _ _ _ _ _ _ _ _ _ _ _ _ _ _ _ _ _ _ _ _ _ _ _ _

    def get_hier():
>       director = Person("Director")
E       NameError: name 'Person' is not defined

test_student.py:19: NameError
_____________________________ test_s_collector_2 ______________________________

    def test_s_collector_2():
>       t_d = get_hier()

test_student.py:110: 
_ _ _ _ _ _ _ _ _ _ _ _ _ _ _ _ _ _ _ _ _ _ _ _ _ _ _ _ _ _ _ _ _ _ _ _ _ _ _ _

    def get_hier():
>       director = Person("Director")
E       NameError: name 'Person' is not defined

test_student.py:19: NameError
_____________________________ test_s_hierarchy_1 ______________________________

    def test_s_hierarchy_1():
>       t_d = get_hier()

test_student.py:117: 
_ _ _ _ _ _ _ _ _ _ _ _ _ _ _ _ _ _ _ _ _ _ _ _ _ _ _ _ _ _ _ _ _ _ _ _ _ _ _ _

    def get_hier():
>       director = Person("Director")
E       NameError: name 'Person' is not defined

test_student.py:19: NameError
_____________________________ test_s_hierarchy_2 ______________________________

    def test_s_hierarchy_2():
>       t_d = get_hier()

test_student.py:123: 
_ _ _ _ _ _ _ _ _ _ _ _ _ _ _ _ _ _ _ _ _ _ _ _ _ _ _ _ _ _ _ _ _ _ _ _ _ _ _ _

    def get_hier():
>       director = Person("Director")
E       NameError: name 'Person' is not defined

test_student.py:19: NameError
_____________________________ test_s_hierarchy_3 ______________________________

    def test_s_hierarchy_3():
>       t_d = get_hier()

test_student.py:129: 
_ _ _ _ _ _ _ _ _ _ _ _ _ _ _ _ _ _ _ _ _ _ _ _ _ _ _ _ _ _ _ _ _ _ _ _ _ _ _ _

    def get_hier():
>       director = Person("Director")
E       NameError: name 'Person' is not defined

test_student.py:19: NameError
========================== 11 failed in 0.20 seconds ==========================
============================= test session starts =============================
platform win32 -- Python 3.6.5, pytest-3.10.1, py-1.5.3, pluggy-0.12.0
rootdir: C:\Users\Saad Malik\Desktop\a06, inifile:
plugins: arraydiff-0.2, doctestplus-0.1.3, openfiles-0.3.0, remotedata-0.2.1, timeout-1.3.3
timeout: 3.0s
timeout method: thread
timeout func_only: False
collected 11 items

test_student.py FFFFFFFFFFF                                              [100%]

================================== FAILURES ===================================
_______________________________ test_s_person_1 _______________________________

    def test_s_person_1():
>       director = Person("Director")
E       NameError: name 'Person' is not defined

test_student.py:60: NameError
______________________________ test_s_find_val_1 ______________________________

    def test_s_find_val_1():
>       t_d = get_hier()

test_student.py:67: 
_ _ _ _ _ _ _ _ _ _ _ _ _ _ _ _ _ _ _ _ _ _ _ _ _ _ _ _ _ _ _ _ _ _ _ _ _ _ _ _

    def get_hier():
>       director = Person("Director")
E       NameError: name 'Person' is not defined

test_student.py:19: NameError
______________________________ test_s_find_val_2 ______________________________

    def test_s_find_val_2():
>       t_d = get_hier()

test_student.py:72: 
_ _ _ _ _ _ _ _ _ _ _ _ _ _ _ _ _ _ _ _ _ _ _ _ _ _ _ _ _ _ _ _ _ _ _ _ _ _ _ _

    def get_hier():
>       director = Person("Director")
E       NameError: name 'Person' is not defined

test_student.py:19: NameError
______________________________ test_s_find_val_3 ______________________________

    def test_s_find_val_3():
>       t_d = get_hier_2()

test_student.py:78: 
_ _ _ _ _ _ _ _ _ _ _ _ _ _ _ _ _ _ _ _ _ _ _ _ _ _ _ _ _ _ _ _ _ _ _ _ _ _ _ _

    def get_hier_2():
>       director = Person("Rector")
E       NameError: name 'Person' is not defined

test_student.py:39: NameError
______________________________ test_s_find_val_4 ______________________________

    def test_s_find_val_4():
>       t_d = get_hier_2()

test_student.py:84: 
_ _ _ _ _ _ _ _ _ _ _ _ _ _ _ _ _ _ _ _ _ _ _ _ _ _ _ _ _ _ _ _ _ _ _ _ _ _ _ _

    def get_hier_2():
>       director = Person("Rector")
E       NameError: name 'Person' is not defined

test_student.py:39: NameError
______________________________ test_s_find_val_5 ______________________________

    def test_s_find_val_5():
>       t_d = get_hier_2()

test_student.py:90: 
_ _ _ _ _ _ _ _ _ _ _ _ _ _ _ _ _ _ _ _ _ _ _ _ _ _ _ _ _ _ _ _ _ _ _ _ _ _ _ _

    def get_hier_2():
>       director = Person("Rector")
E       NameError: name 'Person' is not defined

test_student.py:39: NameError
_____________________________ test_s_collector_1 ______________________________

    def test_s_collector_1():
>       t_d = get_hier()

test_student.py:104: 
_ _ _ _ _ _ _ _ _ _ _ _ _ _ _ _ _ _ _ _ _ _ _ _ _ _ _ _ _ _ _ _ _ _ _ _ _ _ _ _

    def get_hier():
>       director = Person("Director")
E       NameError: name 'Person' is not defined

test_student.py:19: NameError
_____________________________ test_s_collector_2 ______________________________

    def test_s_collector_2():
>       t_d = get_hier()

test_student.py:110: 
_ _ _ _ _ _ _ _ _ _ _ _ _ _ _ _ _ _ _ _ _ _ _ _ _ _ _ _ _ _ _ _ _ _ _ _ _ _ _ _

    def get_hier():
>       director = Person("Director")
E       NameError: name 'Person' is not defined

test_student.py:19: NameError
_____________________________ test_s_hierarchy_1 ______________________________

    def test_s_hierarchy_1():
>       t_d = get_hier()

test_student.py:117: 
_ _ _ _ _ _ _ _ _ _ _ _ _ _ _ _ _ _ _ _ _ _ _ _ _ _ _ _ _ _ _ _ _ _ _ _ _ _ _ _

    def get_hier():
>       director = Person("Director")
E       NameError: name 'Person' is not defined

test_student.py:19: NameError
_____________________________ test_s_hierarchy_2 ______________________________

    def test_s_hierarchy_2():
>       t_d = get_hier()

test_student.py:123: 
_ _ _ _ _ _ _ _ _ _ _ _ _ _ _ _ _ _ _ _ _ _ _ _ _ _ _ _ _ _ _ _ _ _ _ _ _ _ _ _

    def get_hier():
>       director = Person("Director")
E       NameError: name 'Person' is not defined

test_student.py:19: NameError
_____________________________ test_s_hierarchy_3 ______________________________

    def test_s_hierarchy_3():
>       t_d = get_hier()

test_student.py:129: 
_ _ _ _ _ _ _ _ _ _ _ _ _ _ _ _ _ _ _ _ _ _ _ _ _ _ _ _ _ _ _ _ _ _ _ _ _ _ _ _

    def get_hier():
>       director = Person("Director")
E       NameError: name 'Person' is not defined

test_student.py:19: NameError
========================== 11 failed in 0.18 seconds ==========================
============================= test session starts =============================
platform win32 -- Python 3.6.5, pytest-3.10.1, py-1.5.3, pluggy-0.12.0
rootdir: C:\Users\Saad Malik\Desktop\a06, inifile:
plugins: arraydiff-0.2, doctestplus-0.1.3, openfiles-0.3.0, remotedata-0.2.1, timeout-1.3.3
timeout: 3.0s
timeout method: thread
timeout func_only: False
collected 11 items

test_student.py FFFFFFFFFFF                                              [100%]

================================== FAILURES ===================================
_______________________________ test_s_person_1 _______________________________

    def test_s_person_1():
>       director = Person("Director")
E       NameError: name 'Person' is not defined

test_student.py:60: NameError
______________________________ test_s_find_val_1 ______________________________

    def test_s_find_val_1():
>       t_d = get_hier()

test_student.py:67: 
_ _ _ _ _ _ _ _ _ _ _ _ _ _ _ _ _ _ _ _ _ _ _ _ _ _ _ _ _ _ _ _ _ _ _ _ _ _ _ _

    def get_hier():
>       director = Person("Director")
E       NameError: name 'Person' is not defined

test_student.py:19: NameError
______________________________ test_s_find_val_2 ______________________________

    def test_s_find_val_2():
>       t_d = get_hier()

test_student.py:72: 
_ _ _ _ _ _ _ _ _ _ _ _ _ _ _ _ _ _ _ _ _ _ _ _ _ _ _ _ _ _ _ _ _ _ _ _ _ _ _ _

    def get_hier():
>       director = Person("Director")
E       NameError: name 'Person' is not defined

test_student.py:19: NameError
______________________________ test_s_find_val_3 ______________________________

    def test_s_find_val_3():
>       t_d = get_hier_2()

test_student.py:78: 
_ _ _ _ _ _ _ _ _ _ _ _ _ _ _ _ _ _ _ _ _ _ _ _ _ _ _ _ _ _ _ _ _ _ _ _ _ _ _ _

    def get_hier_2():
>       director = Person("Rector")
E       NameError: name 'Person' is not defined

test_student.py:39: NameError
______________________________ test_s_find_val_4 ______________________________

    def test_s_find_val_4():
>       t_d = get_hier_2()

test_student.py:84: 
_ _ _ _ _ _ _ _ _ _ _ _ _ _ _ _ _ _ _ _ _ _ _ _ _ _ _ _ _ _ _ _ _ _ _ _ _ _ _ _

    def get_hier_2():
>       director = Person("Rector")
E       NameError: name 'Person' is not defined

test_student.py:39: NameError
______________________________ test_s_find_val_5 ______________________________

    def test_s_find_val_5():
>       t_d = get_hier_2()

test_student.py:90: 
_ _ _ _ _ _ _ _ _ _ _ _ _ _ _ _ _ _ _ _ _ _ _ _ _ _ _ _ _ _ _ _ _ _ _ _ _ _ _ _

    def get_hier_2():
>       director = Person("Rector")
E       NameError: name 'Person' is not defined

test_student.py:39: NameError
_____________________________ test_s_collector_1 ______________________________

    def test_s_collector_1():
>       t_d = get_hier()

test_student.py:104: 
_ _ _ _ _ _ _ _ _ _ _ _ _ _ _ _ _ _ _ _ _ _ _ _ _ _ _ _ _ _ _ _ _ _ _ _ _ _ _ _

    def get_hier():
>       director = Person("Director")
E       NameError: name 'Person' is not defined

test_student.py:19: NameError
_____________________________ test_s_collector_2 ______________________________

    def test_s_collector_2():
>       t_d = get_hier()

test_student.py:110: 
_ _ _ _ _ _ _ _ _ _ _ _ _ _ _ _ _ _ _ _ _ _ _ _ _ _ _ _ _ _ _ _ _ _ _ _ _ _ _ _

    def get_hier():
>       director = Person("Director")
E       NameError: name 'Person' is not defined

test_student.py:19: NameError
_____________________________ test_s_hierarchy_1 ______________________________

    def test_s_hierarchy_1():
>       t_d = get_hier()

test_student.py:117: 
_ _ _ _ _ _ _ _ _ _ _ _ _ _ _ _ _ _ _ _ _ _ _ _ _ _ _ _ _ _ _ _ _ _ _ _ _ _ _ _

    def get_hier():
>       director = Person("Director")
E       NameError: name 'Person' is not defined

test_student.py:19: NameError
_____________________________ test_s_hierarchy_2 ______________________________

    def test_s_hierarchy_2():
>       t_d = get_hier()

test_student.py:123: 
_ _ _ _ _ _ _ _ _ _ _ _ _ _ _ _ _ _ _ _ _ _ _ _ _ _ _ _ _ _ _ _ _ _ _ _ _ _ _ _

    def get_hier():
>       director = Person("Director")
E       NameError: name 'Person' is not defined

test_student.py:19: NameError
_____________________________ test_s_hierarchy_3 ______________________________

    def test_s_hierarchy_3():
>       t_d = get_hier()

test_student.py:129: 
_ _ _ _ _ _ _ _ _ _ _ _ _ _ _ _ _ _ _ _ _ _ _ _ _ _ _ _ _ _ _ _ _ _ _ _ _ _ _ _

    def get_hier():
>       director = Person("Director")
E       NameError: name 'Person' is not defined

test_student.py:19: NameError
========================== 11 failed in 0.20 seconds ==========================
============================= test session starts =============================
platform win32 -- Python 3.6.5, pytest-3.10.1, py-1.5.3, pluggy-0.12.0
rootdir: C:\Users\Saad Malik\Desktop\a06, inifile:
plugins: arraydiff-0.2, doctestplus-0.1.3, openfiles-0.3.0, remotedata-0.2.1, timeout-1.3.3
timeout: 3.0s
timeout method: thread
timeout func_only: False
collected 11 items

test_student.py FFFFFFFFFFF                                              [100%]

================================== FAILURES ===================================
_______________________________ test_s_person_1 _______________________________

    def test_s_person_1():
>       director = Person("Director")
E       NameError: name 'Person' is not defined

test_student.py:60: NameError
______________________________ test_s_find_val_1 ______________________________

    def test_s_find_val_1():
>       t_d = get_hier()

test_student.py:67: 
_ _ _ _ _ _ _ _ _ _ _ _ _ _ _ _ _ _ _ _ _ _ _ _ _ _ _ _ _ _ _ _ _ _ _ _ _ _ _ _

    def get_hier():
>       director = Person("Director")
E       NameError: name 'Person' is not defined

test_student.py:19: NameError
______________________________ test_s_find_val_2 ______________________________

    def test_s_find_val_2():
>       t_d = get_hier()

test_student.py:72: 
_ _ _ _ _ _ _ _ _ _ _ _ _ _ _ _ _ _ _ _ _ _ _ _ _ _ _ _ _ _ _ _ _ _ _ _ _ _ _ _

    def get_hier():
>       director = Person("Director")
E       NameError: name 'Person' is not defined

test_student.py:19: NameError
______________________________ test_s_find_val_3 ______________________________

    def test_s_find_val_3():
>       t_d = get_hier_2()

test_student.py:78: 
_ _ _ _ _ _ _ _ _ _ _ _ _ _ _ _ _ _ _ _ _ _ _ _ _ _ _ _ _ _ _ _ _ _ _ _ _ _ _ _

    def get_hier_2():
>       director = Person("Rector")
E       NameError: name 'Person' is not defined

test_student.py:39: NameError
______________________________ test_s_find_val_4 ______________________________

    def test_s_find_val_4():
>       t_d = get_hier_2()

test_student.py:84: 
_ _ _ _ _ _ _ _ _ _ _ _ _ _ _ _ _ _ _ _ _ _ _ _ _ _ _ _ _ _ _ _ _ _ _ _ _ _ _ _

    def get_hier_2():
>       director = Person("Rector")
E       NameError: name 'Person' is not defined

test_student.py:39: NameError
______________________________ test_s_find_val_5 ______________________________

    def test_s_find_val_5():
>       t_d = get_hier_2()

test_student.py:90: 
_ _ _ _ _ _ _ _ _ _ _ _ _ _ _ _ _ _ _ _ _ _ _ _ _ _ _ _ _ _ _ _ _ _ _ _ _ _ _ _

    def get_hier_2():
>       director = Person("Rector")
E       NameError: name 'Person' is not defined

test_student.py:39: NameError
_____________________________ test_s_collector_1 ______________________________

    def test_s_collector_1():
>       t_d = get_hier()

test_student.py:104: 
_ _ _ _ _ _ _ _ _ _ _ _ _ _ _ _ _ _ _ _ _ _ _ _ _ _ _ _ _ _ _ _ _ _ _ _ _ _ _ _

    def get_hier():
>       director = Person("Director")
E       NameError: name 'Person' is not defined

test_student.py:19: NameError
_____________________________ test_s_collector_2 ______________________________

    def test_s_collector_2():
>       t_d = get_hier()

test_student.py:110: 
_ _ _ _ _ _ _ _ _ _ _ _ _ _ _ _ _ _ _ _ _ _ _ _ _ _ _ _ _ _ _ _ _ _ _ _ _ _ _ _

    def get_hier():
>       director = Person("Director")
E       NameError: name 'Person' is not defined

test_student.py:19: NameError
_____________________________ test_s_hierarchy_1 ______________________________

    def test_s_hierarchy_1():
>       t_d = get_hier()

test_student.py:117: 
_ _ _ _ _ _ _ _ _ _ _ _ _ _ _ _ _ _ _ _ _ _ _ _ _ _ _ _ _ _ _ _ _ _ _ _ _ _ _ _

    def get_hier():
>       director = Person("Director")
E       NameError: name 'Person' is not defined

test_student.py:19: NameError
_____________________________ test_s_hierarchy_2 ______________________________

    def test_s_hierarchy_2():
>       t_d = get_hier()

test_student.py:123: 
_ _ _ _ _ _ _ _ _ _ _ _ _ _ _ _ _ _ _ _ _ _ _ _ _ _ _ _ _ _ _ _ _ _ _ _ _ _ _ _

    def get_hier():
>       director = Person("Director")
E       NameError: name 'Person' is not defined

test_student.py:19: NameError
_____________________________ test_s_hierarchy_3 ______________________________

    def test_s_hierarchy_3():
>       t_d = get_hier()

test_student.py:129: 
_ _ _ _ _ _ _ _ _ _ _ _ _ _ _ _ _ _ _ _ _ _ _ _ _ _ _ _ _ _ _ _ _ _ _ _ _ _ _ _

    def get_hier():
>       director = Person("Director")
E       NameError: name 'Person' is not defined

test_student.py:19: NameError
========================== 11 failed in 0.23 seconds ==========================
============================= test session starts =============================
platform win32 -- Python 3.6.5, pytest-3.10.1, py-1.5.3, pluggy-0.12.0
rootdir: C:\Users\Saad Malik\Desktop\a06, inifile:
plugins: arraydiff-0.2, doctestplus-0.1.3, openfiles-0.3.0, remotedata-0.2.1, timeout-1.3.3
timeout: 3.0s
timeout method: thread
timeout func_only: False
collected 11 items

test_student.py FFFFFFFFFFF                                              [100%]

================================== FAILURES ===================================
_______________________________ test_s_person_1 _______________________________

    def test_s_person_1():
>       director = Person("Director")
E       NameError: name 'Person' is not defined

test_student.py:60: NameError
______________________________ test_s_find_val_1 ______________________________

    def test_s_find_val_1():
>       t_d = get_hier()

test_student.py:67: 
_ _ _ _ _ _ _ _ _ _ _ _ _ _ _ _ _ _ _ _ _ _ _ _ _ _ _ _ _ _ _ _ _ _ _ _ _ _ _ _

    def get_hier():
>       director = Person("Director")
E       NameError: name 'Person' is not defined

test_student.py:19: NameError
______________________________ test_s_find_val_2 ______________________________

    def test_s_find_val_2():
>       t_d = get_hier()

test_student.py:72: 
_ _ _ _ _ _ _ _ _ _ _ _ _ _ _ _ _ _ _ _ _ _ _ _ _ _ _ _ _ _ _ _ _ _ _ _ _ _ _ _

    def get_hier():
>       director = Person("Director")
E       NameError: name 'Person' is not defined

test_student.py:19: NameError
______________________________ test_s_find_val_3 ______________________________

    def test_s_find_val_3():
>       t_d = get_hier_2()

test_student.py:78: 
_ _ _ _ _ _ _ _ _ _ _ _ _ _ _ _ _ _ _ _ _ _ _ _ _ _ _ _ _ _ _ _ _ _ _ _ _ _ _ _

    def get_hier_2():
>       director = Person("Rector")
E       NameError: name 'Person' is not defined

test_student.py:39: NameError
______________________________ test_s_find_val_4 ______________________________

    def test_s_find_val_4():
>       t_d = get_hier_2()

test_student.py:84: 
_ _ _ _ _ _ _ _ _ _ _ _ _ _ _ _ _ _ _ _ _ _ _ _ _ _ _ _ _ _ _ _ _ _ _ _ _ _ _ _

    def get_hier_2():
>       director = Person("Rector")
E       NameError: name 'Person' is not defined

test_student.py:39: NameError
______________________________ test_s_find_val_5 ______________________________

    def test_s_find_val_5():
>       t_d = get_hier_2()

test_student.py:90: 
_ _ _ _ _ _ _ _ _ _ _ _ _ _ _ _ _ _ _ _ _ _ _ _ _ _ _ _ _ _ _ _ _ _ _ _ _ _ _ _

    def get_hier_2():
>       director = Person("Rector")
E       NameError: name 'Person' is not defined

test_student.py:39: NameError
_____________________________ test_s_collector_1 ______________________________

    def test_s_collector_1():
>       t_d = get_hier()

test_student.py:104: 
_ _ _ _ _ _ _ _ _ _ _ _ _ _ _ _ _ _ _ _ _ _ _ _ _ _ _ _ _ _ _ _ _ _ _ _ _ _ _ _

    def get_hier():
>       director = Person("Director")
E       NameError: name 'Person' is not defined

test_student.py:19: NameError
_____________________________ test_s_collector_2 ______________________________

    def test_s_collector_2():
>       t_d = get_hier()

test_student.py:110: 
_ _ _ _ _ _ _ _ _ _ _ _ _ _ _ _ _ _ _ _ _ _ _ _ _ _ _ _ _ _ _ _ _ _ _ _ _ _ _ _

    def get_hier():
>       director = Person("Director")
E       NameError: name 'Person' is not defined

test_student.py:19: NameError
_____________________________ test_s_hierarchy_1 ______________________________

    def test_s_hierarchy_1():
>       t_d = get_hier()

test_student.py:117: 
_ _ _ _ _ _ _ _ _ _ _ _ _ _ _ _ _ _ _ _ _ _ _ _ _ _ _ _ _ _ _ _ _ _ _ _ _ _ _ _

    def get_hier():
>       director = Person("Director")
E       NameError: name 'Person' is not defined

test_student.py:19: NameError
_____________________________ test_s_hierarchy_2 ______________________________

    def test_s_hierarchy_2():
>       t_d = get_hier()

test_student.py:123: 
_ _ _ _ _ _ _ _ _ _ _ _ _ _ _ _ _ _ _ _ _ _ _ _ _ _ _ _ _ _ _ _ _ _ _ _ _ _ _ _

    def get_hier():
>       director = Person("Director")
E       NameError: name 'Person' is not defined

test_student.py:19: NameError
_____________________________ test_s_hierarchy_3 ______________________________

    def test_s_hierarchy_3():
>       t_d = get_hier()

test_student.py:129: 
_ _ _ _ _ _ _ _ _ _ _ _ _ _ _ _ _ _ _ _ _ _ _ _ _ _ _ _ _ _ _ _ _ _ _ _ _ _ _ _

    def get_hier():
>       director = Person("Director")
E       NameError: name 'Person' is not defined

test_student.py:19: NameError
========================== 11 failed in 0.30 seconds ==========================
============================= test session starts =============================
platform win32 -- Python 3.6.5, pytest-3.10.1, py-1.5.3, pluggy-0.12.0
rootdir: C:\Users\Saad Malik\Desktop\a06, inifile:
plugins: arraydiff-0.2, doctestplus-0.1.3, openfiles-0.3.0, remotedata-0.2.1, timeout-1.3.3
timeout: 3.0s
timeout method: thread
timeout func_only: False
collected 11 items

test_student.py FFFFFFFFFFF                                              [100%]

================================== FAILURES ===================================
_______________________________ test_s_person_1 _______________________________

    def test_s_person_1():
>       director = Person("Director")
E       NameError: name 'Person' is not defined

test_student.py:60: NameError
______________________________ test_s_find_val_1 ______________________________

    def test_s_find_val_1():
>       t_d = get_hier()

test_student.py:67: 
_ _ _ _ _ _ _ _ _ _ _ _ _ _ _ _ _ _ _ _ _ _ _ _ _ _ _ _ _ _ _ _ _ _ _ _ _ _ _ _

    def get_hier():
>       director = Person("Director")
E       NameError: name 'Person' is not defined

test_student.py:19: NameError
______________________________ test_s_find_val_2 ______________________________

    def test_s_find_val_2():
>       t_d = get_hier()

test_student.py:72: 
_ _ _ _ _ _ _ _ _ _ _ _ _ _ _ _ _ _ _ _ _ _ _ _ _ _ _ _ _ _ _ _ _ _ _ _ _ _ _ _

    def get_hier():
>       director = Person("Director")
E       NameError: name 'Person' is not defined

test_student.py:19: NameError
______________________________ test_s_find_val_3 ______________________________

    def test_s_find_val_3():
>       t_d = get_hier_2()

test_student.py:78: 
_ _ _ _ _ _ _ _ _ _ _ _ _ _ _ _ _ _ _ _ _ _ _ _ _ _ _ _ _ _ _ _ _ _ _ _ _ _ _ _

    def get_hier_2():
>       director = Person("Rector")
E       NameError: name 'Person' is not defined

test_student.py:39: NameError
______________________________ test_s_find_val_4 ______________________________

    def test_s_find_val_4():
>       t_d = get_hier_2()

test_student.py:84: 
_ _ _ _ _ _ _ _ _ _ _ _ _ _ _ _ _ _ _ _ _ _ _ _ _ _ _ _ _ _ _ _ _ _ _ _ _ _ _ _

    def get_hier_2():
>       director = Person("Rector")
E       NameError: name 'Person' is not defined

test_student.py:39: NameError
______________________________ test_s_find_val_5 ______________________________

    def test_s_find_val_5():
>       t_d = get_hier_2()

test_student.py:90: 
_ _ _ _ _ _ _ _ _ _ _ _ _ _ _ _ _ _ _ _ _ _ _ _ _ _ _ _ _ _ _ _ _ _ _ _ _ _ _ _

    def get_hier_2():
>       director = Person("Rector")
E       NameError: name 'Person' is not defined

test_student.py:39: NameError
_____________________________ test_s_collector_1 ______________________________

    def test_s_collector_1():
>       t_d = get_hier()

test_student.py:104: 
_ _ _ _ _ _ _ _ _ _ _ _ _ _ _ _ _ _ _ _ _ _ _ _ _ _ _ _ _ _ _ _ _ _ _ _ _ _ _ _

    def get_hier():
>       director = Person("Director")
E       NameError: name 'Person' is not defined

test_student.py:19: NameError
_____________________________ test_s_collector_2 ______________________________

    def test_s_collector_2():
>       t_d = get_hier()

test_student.py:110: 
_ _ _ _ _ _ _ _ _ _ _ _ _ _ _ _ _ _ _ _ _ _ _ _ _ _ _ _ _ _ _ _ _ _ _ _ _ _ _ _

    def get_hier():
>       director = Person("Director")
E       NameError: name 'Person' is not defined

test_student.py:19: NameError
_____________________________ test_s_hierarchy_1 ______________________________

    def test_s_hierarchy_1():
>       t_d = get_hier()

test_student.py:117: 
_ _ _ _ _ _ _ _ _ _ _ _ _ _ _ _ _ _ _ _ _ _ _ _ _ _ _ _ _ _ _ _ _ _ _ _ _ _ _ _

    def get_hier():
>       director = Person("Director")
E       NameError: name 'Person' is not defined

test_student.py:19: NameError
_____________________________ test_s_hierarchy_2 ______________________________

    def test_s_hierarchy_2():
>       t_d = get_hier()

test_student.py:123: 
_ _ _ _ _ _ _ _ _ _ _ _ _ _ _ _ _ _ _ _ _ _ _ _ _ _ _ _ _ _ _ _ _ _ _ _ _ _ _ _

    def get_hier():
>       director = Person("Director")
E       NameError: name 'Person' is not defined

test_student.py:19: NameError
_____________________________ test_s_hierarchy_3 ______________________________

    def test_s_hierarchy_3():
>       t_d = get_hier()

test_student.py:129: 
_ _ _ _ _ _ _ _ _ _ _ _ _ _ _ _ _ _ _ _ _ _ _ _ _ _ _ _ _ _ _ _ _ _ _ _ _ _ _ _

    def get_hier():
>       director = Person("Director")
E       NameError: name 'Person' is not defined

test_student.py:19: NameError
========================== 11 failed in 0.18 seconds ==========================
============================= test session starts =============================
platform win32 -- Python 3.6.5, pytest-3.10.1, py-1.5.3, pluggy-0.12.0
rootdir: C:\Users\Saad Malik\Desktop\a06, inifile:
plugins: arraydiff-0.2, doctestplus-0.1.3, openfiles-0.3.0, remotedata-0.2.1, timeout-1.3.3
timeout: 3.0s
timeout method: thread
timeout func_only: False
collected 11 items

test_student.py FFFFFFFFFFF                                              [100%]

================================== FAILURES ===================================
_______________________________ test_s_person_1 _______________________________

    def test_s_person_1():
>       director = Person("Director")
E       NameError: name 'Person' is not defined

test_student.py:60: NameError
______________________________ test_s_find_val_1 ______________________________

    def test_s_find_val_1():
>       t_d = get_hier()

test_student.py:67: 
_ _ _ _ _ _ _ _ _ _ _ _ _ _ _ _ _ _ _ _ _ _ _ _ _ _ _ _ _ _ _ _ _ _ _ _ _ _ _ _

    def get_hier():
>       director = Person("Director")
E       NameError: name 'Person' is not defined

test_student.py:19: NameError
______________________________ test_s_find_val_2 ______________________________

    def test_s_find_val_2():
>       t_d = get_hier()

test_student.py:72: 
_ _ _ _ _ _ _ _ _ _ _ _ _ _ _ _ _ _ _ _ _ _ _ _ _ _ _ _ _ _ _ _ _ _ _ _ _ _ _ _

    def get_hier():
>       director = Person("Director")
E       NameError: name 'Person' is not defined

test_student.py:19: NameError
______________________________ test_s_find_val_3 ______________________________

    def test_s_find_val_3():
>       t_d = get_hier_2()

test_student.py:78: 
_ _ _ _ _ _ _ _ _ _ _ _ _ _ _ _ _ _ _ _ _ _ _ _ _ _ _ _ _ _ _ _ _ _ _ _ _ _ _ _

    def get_hier_2():
>       director = Person("Rector")
E       NameError: name 'Person' is not defined

test_student.py:39: NameError
______________________________ test_s_find_val_4 ______________________________

    def test_s_find_val_4():
>       t_d = get_hier_2()

test_student.py:84: 
_ _ _ _ _ _ _ _ _ _ _ _ _ _ _ _ _ _ _ _ _ _ _ _ _ _ _ _ _ _ _ _ _ _ _ _ _ _ _ _

    def get_hier_2():
>       director = Person("Rector")
E       NameError: name 'Person' is not defined

test_student.py:39: NameError
______________________________ test_s_find_val_5 ______________________________

    def test_s_find_val_5():
>       t_d = get_hier_2()

test_student.py:90: 
_ _ _ _ _ _ _ _ _ _ _ _ _ _ _ _ _ _ _ _ _ _ _ _ _ _ _ _ _ _ _ _ _ _ _ _ _ _ _ _

    def get_hier_2():
>       director = Person("Rector")
E       NameError: name 'Person' is not defined

test_student.py:39: NameError
_____________________________ test_s_collector_1 ______________________________

    def test_s_collector_1():
>       t_d = get_hier()

test_student.py:104: 
_ _ _ _ _ _ _ _ _ _ _ _ _ _ _ _ _ _ _ _ _ _ _ _ _ _ _ _ _ _ _ _ _ _ _ _ _ _ _ _

    def get_hier():
>       director = Person("Director")
E       NameError: name 'Person' is not defined

test_student.py:19: NameError
_____________________________ test_s_collector_2 ______________________________

    def test_s_collector_2():
>       t_d = get_hier()

test_student.py:110: 
_ _ _ _ _ _ _ _ _ _ _ _ _ _ _ _ _ _ _ _ _ _ _ _ _ _ _ _ _ _ _ _ _ _ _ _ _ _ _ _

    def get_hier():
>       director = Person("Director")
E       NameError: name 'Person' is not defined

test_student.py:19: NameError
_____________________________ test_s_hierarchy_1 ______________________________

    def test_s_hierarchy_1():
>       t_d = get_hier()

test_student.py:117: 
_ _ _ _ _ _ _ _ _ _ _ _ _ _ _ _ _ _ _ _ _ _ _ _ _ _ _ _ _ _ _ _ _ _ _ _ _ _ _ _

    def get_hier():
>       director = Person("Director")
E       NameError: name 'Person' is not defined

test_student.py:19: NameError
_____________________________ test_s_hierarchy_2 ______________________________

    def test_s_hierarchy_2():
>       t_d = get_hier()

test_student.py:123: 
_ _ _ _ _ _ _ _ _ _ _ _ _ _ _ _ _ _ _ _ _ _ _ _ _ _ _ _ _ _ _ _ _ _ _ _ _ _ _ _

    def get_hier():
>       director = Person("Director")
E       NameError: name 'Person' is not defined

test_student.py:19: NameError
_____________________________ test_s_hierarchy_3 ______________________________

    def test_s_hierarchy_3():
>       t_d = get_hier()

test_student.py:129: 
_ _ _ _ _ _ _ _ _ _ _ _ _ _ _ _ _ _ _ _ _ _ _ _ _ _ _ _ _ _ _ _ _ _ _ _ _ _ _ _

    def get_hier():
>       director = Person("Director")
E       NameError: name 'Person' is not defined

test_student.py:19: NameError
========================== 11 failed in 0.32 seconds ==========================
============================= test session starts =============================
platform win32 -- Python 3.6.5, pytest-3.10.1, py-1.5.3, pluggy-0.12.0
rootdir: C:\Users\Saad Malik\Desktop\a06, inifile:
plugins: arraydiff-0.2, doctestplus-0.1.3, openfiles-0.3.0, remotedata-0.2.1, timeout-1.3.3
timeout: 3.0s
timeout method: thread
timeout func_only: False
collected 11 items

test_student.py FFFFFFFFFFF                                              [100%]

================================== FAILURES ===================================
_______________________________ test_s_person_1 _______________________________

    def test_s_person_1():
>       director = Person("Director")
E       NameError: name 'Person' is not defined

test_student.py:60: NameError
______________________________ test_s_find_val_1 ______________________________

    def test_s_find_val_1():
>       t_d = get_hier()

test_student.py:67: 
_ _ _ _ _ _ _ _ _ _ _ _ _ _ _ _ _ _ _ _ _ _ _ _ _ _ _ _ _ _ _ _ _ _ _ _ _ _ _ _

    def get_hier():
>       director = Person("Director")
E       NameError: name 'Person' is not defined

test_student.py:19: NameError
______________________________ test_s_find_val_2 ______________________________

    def test_s_find_val_2():
>       t_d = get_hier()

test_student.py:72: 
_ _ _ _ _ _ _ _ _ _ _ _ _ _ _ _ _ _ _ _ _ _ _ _ _ _ _ _ _ _ _ _ _ _ _ _ _ _ _ _

    def get_hier():
>       director = Person("Director")
E       NameError: name 'Person' is not defined

test_student.py:19: NameError
______________________________ test_s_find_val_3 ______________________________

    def test_s_find_val_3():
>       t_d = get_hier_2()

test_student.py:78: 
_ _ _ _ _ _ _ _ _ _ _ _ _ _ _ _ _ _ _ _ _ _ _ _ _ _ _ _ _ _ _ _ _ _ _ _ _ _ _ _

    def get_hier_2():
>       director = Person("Rector")
E       NameError: name 'Person' is not defined

test_student.py:39: NameError
______________________________ test_s_find_val_4 ______________________________

    def test_s_find_val_4():
>       t_d = get_hier_2()

test_student.py:84: 
_ _ _ _ _ _ _ _ _ _ _ _ _ _ _ _ _ _ _ _ _ _ _ _ _ _ _ _ _ _ _ _ _ _ _ _ _ _ _ _

    def get_hier_2():
>       director = Person("Rector")
E       NameError: name 'Person' is not defined

test_student.py:39: NameError
______________________________ test_s_find_val_5 ______________________________

    def test_s_find_val_5():
>       t_d = get_hier_2()

test_student.py:90: 
_ _ _ _ _ _ _ _ _ _ _ _ _ _ _ _ _ _ _ _ _ _ _ _ _ _ _ _ _ _ _ _ _ _ _ _ _ _ _ _

    def get_hier_2():
>       director = Person("Rector")
E       NameError: name 'Person' is not defined

test_student.py:39: NameError
_____________________________ test_s_collector_1 ______________________________

    def test_s_collector_1():
>       t_d = get_hier()

test_student.py:104: 
_ _ _ _ _ _ _ _ _ _ _ _ _ _ _ _ _ _ _ _ _ _ _ _ _ _ _ _ _ _ _ _ _ _ _ _ _ _ _ _

    def get_hier():
>       director = Person("Director")
E       NameError: name 'Person' is not defined

test_student.py:19: NameError
_____________________________ test_s_collector_2 ______________________________

    def test_s_collector_2():
>       t_d = get_hier()

test_student.py:110: 
_ _ _ _ _ _ _ _ _ _ _ _ _ _ _ _ _ _ _ _ _ _ _ _ _ _ _ _ _ _ _ _ _ _ _ _ _ _ _ _

    def get_hier():
>       director = Person("Director")
E       NameError: name 'Person' is not defined

test_student.py:19: NameError
_____________________________ test_s_hierarchy_1 ______________________________

    def test_s_hierarchy_1():
>       t_d = get_hier()

test_student.py:117: 
_ _ _ _ _ _ _ _ _ _ _ _ _ _ _ _ _ _ _ _ _ _ _ _ _ _ _ _ _ _ _ _ _ _ _ _ _ _ _ _

    def get_hier():
>       director = Person("Director")
E       NameError: name 'Person' is not defined

test_student.py:19: NameError
_____________________________ test_s_hierarchy_2 ______________________________

    def test_s_hierarchy_2():
>       t_d = get_hier()

test_student.py:123: 
_ _ _ _ _ _ _ _ _ _ _ _ _ _ _ _ _ _ _ _ _ _ _ _ _ _ _ _ _ _ _ _ _ _ _ _ _ _ _ _

    def get_hier():
>       director = Person("Director")
E       NameError: name 'Person' is not defined

test_student.py:19: NameError
_____________________________ test_s_hierarchy_3 ______________________________

    def test_s_hierarchy_3():
>       t_d = get_hier()

test_student.py:129: 
_ _ _ _ _ _ _ _ _ _ _ _ _ _ _ _ _ _ _ _ _ _ _ _ _ _ _ _ _ _ _ _ _ _ _ _ _ _ _ _

    def get_hier():
>       director = Person("Director")
E       NameError: name 'Person' is not defined

test_student.py:19: NameError
========================== 11 failed in 0.23 seconds ==========================
============================= test session starts =============================
platform win32 -- Python 3.6.5, pytest-3.10.1, py-1.5.3, pluggy-0.12.0
rootdir: C:\Users\Saad Malik\Desktop\a06, inifile:
plugins: arraydiff-0.2, doctestplus-0.1.3, openfiles-0.3.0, remotedata-0.2.1, timeout-1.3.3
timeout: 3.0s
timeout method: thread
timeout func_only: False
collected 11 items

test_student.py FFFFFFFFFFF                                              [100%]

================================== FAILURES ===================================
_______________________________ test_s_person_1 _______________________________

    def test_s_person_1():
>       director = Person("Director")
E       NameError: name 'Person' is not defined

test_student.py:60: NameError
______________________________ test_s_find_val_1 ______________________________

    def test_s_find_val_1():
>       t_d = get_hier()

test_student.py:67: 
_ _ _ _ _ _ _ _ _ _ _ _ _ _ _ _ _ _ _ _ _ _ _ _ _ _ _ _ _ _ _ _ _ _ _ _ _ _ _ _

    def get_hier():
>       director = Person("Director")
E       NameError: name 'Person' is not defined

test_student.py:19: NameError
______________________________ test_s_find_val_2 ______________________________

    def test_s_find_val_2():
>       t_d = get_hier()

test_student.py:72: 
_ _ _ _ _ _ _ _ _ _ _ _ _ _ _ _ _ _ _ _ _ _ _ _ _ _ _ _ _ _ _ _ _ _ _ _ _ _ _ _

    def get_hier():
>       director = Person("Director")
E       NameError: name 'Person' is not defined

test_student.py:19: NameError
______________________________ test_s_find_val_3 ______________________________

    def test_s_find_val_3():
>       t_d = get_hier_2()

test_student.py:78: 
_ _ _ _ _ _ _ _ _ _ _ _ _ _ _ _ _ _ _ _ _ _ _ _ _ _ _ _ _ _ _ _ _ _ _ _ _ _ _ _

    def get_hier_2():
>       director = Person("Rector")
E       NameError: name 'Person' is not defined

test_student.py:39: NameError
______________________________ test_s_find_val_4 ______________________________

    def test_s_find_val_4():
>       t_d = get_hier_2()

test_student.py:84: 
_ _ _ _ _ _ _ _ _ _ _ _ _ _ _ _ _ _ _ _ _ _ _ _ _ _ _ _ _ _ _ _ _ _ _ _ _ _ _ _

    def get_hier_2():
>       director = Person("Rector")
E       NameError: name 'Person' is not defined

test_student.py:39: NameError
______________________________ test_s_find_val_5 ______________________________

    def test_s_find_val_5():
>       t_d = get_hier_2()

test_student.py:90: 
_ _ _ _ _ _ _ _ _ _ _ _ _ _ _ _ _ _ _ _ _ _ _ _ _ _ _ _ _ _ _ _ _ _ _ _ _ _ _ _

    def get_hier_2():
>       director = Person("Rector")
E       NameError: name 'Person' is not defined

test_student.py:39: NameError
_____________________________ test_s_collector_1 ______________________________

    def test_s_collector_1():
>       t_d = get_hier()

test_student.py:104: 
_ _ _ _ _ _ _ _ _ _ _ _ _ _ _ _ _ _ _ _ _ _ _ _ _ _ _ _ _ _ _ _ _ _ _ _ _ _ _ _

    def get_hier():
>       director = Person("Director")
E       NameError: name 'Person' is not defined

test_student.py:19: NameError
_____________________________ test_s_collector_2 ______________________________

    def test_s_collector_2():
>       t_d = get_hier()

test_student.py:110: 
_ _ _ _ _ _ _ _ _ _ _ _ _ _ _ _ _ _ _ _ _ _ _ _ _ _ _ _ _ _ _ _ _ _ _ _ _ _ _ _

    def get_hier():
>       director = Person("Director")
E       NameError: name 'Person' is not defined

test_student.py:19: NameError
_____________________________ test_s_hierarchy_1 ______________________________

    def test_s_hierarchy_1():
>       t_d = get_hier()

test_student.py:117: 
_ _ _ _ _ _ _ _ _ _ _ _ _ _ _ _ _ _ _ _ _ _ _ _ _ _ _ _ _ _ _ _ _ _ _ _ _ _ _ _

    def get_hier():
>       director = Person("Director")
E       NameError: name 'Person' is not defined

test_student.py:19: NameError
_____________________________ test_s_hierarchy_2 ______________________________

    def test_s_hierarchy_2():
>       t_d = get_hier()

test_student.py:123: 
_ _ _ _ _ _ _ _ _ _ _ _ _ _ _ _ _ _ _ _ _ _ _ _ _ _ _ _ _ _ _ _ _ _ _ _ _ _ _ _

    def get_hier():
>       director = Person("Director")
E       NameError: name 'Person' is not defined

test_student.py:19: NameError
_____________________________ test_s_hierarchy_3 ______________________________

    def test_s_hierarchy_3():
>       t_d = get_hier()

test_student.py:129: 
_ _ _ _ _ _ _ _ _ _ _ _ _ _ _ _ _ _ _ _ _ _ _ _ _ _ _ _ _ _ _ _ _ _ _ _ _ _ _ _

    def get_hier():
>       director = Person("Director")
E       NameError: name 'Person' is not defined

test_student.py:19: NameError
========================== 11 failed in 0.18 seconds ==========================
============================= test session starts =============================
platform win32 -- Python 3.6.5, pytest-3.10.1, py-1.5.3, pluggy-0.12.0
rootdir: C:\Users\Saad Malik\Desktop\a06, inifile:
plugins: arraydiff-0.2, doctestplus-0.1.3, openfiles-0.3.0, remotedata-0.2.1, timeout-1.3.3
timeout: 3.0s
timeout method: thread
timeout func_only: False
collected 11 items

test_student.py FFFFFFFFFFF                                              [100%]

================================== FAILURES ===================================
_______________________________ test_s_person_1 _______________________________

    def test_s_person_1():
>       director = Person("Director")
E       NameError: name 'Person' is not defined

test_student.py:60: NameError
______________________________ test_s_find_val_1 ______________________________

    def test_s_find_val_1():
>       t_d = get_hier()

test_student.py:67: 
_ _ _ _ _ _ _ _ _ _ _ _ _ _ _ _ _ _ _ _ _ _ _ _ _ _ _ _ _ _ _ _ _ _ _ _ _ _ _ _

    def get_hier():
>       director = Person("Director")
E       NameError: name 'Person' is not defined

test_student.py:19: NameError
______________________________ test_s_find_val_2 ______________________________

    def test_s_find_val_2():
>       t_d = get_hier()

test_student.py:72: 
_ _ _ _ _ _ _ _ _ _ _ _ _ _ _ _ _ _ _ _ _ _ _ _ _ _ _ _ _ _ _ _ _ _ _ _ _ _ _ _

    def get_hier():
>       director = Person("Director")
E       NameError: name 'Person' is not defined

test_student.py:19: NameError
______________________________ test_s_find_val_3 ______________________________

    def test_s_find_val_3():
>       t_d = get_hier_2()

test_student.py:78: 
_ _ _ _ _ _ _ _ _ _ _ _ _ _ _ _ _ _ _ _ _ _ _ _ _ _ _ _ _ _ _ _ _ _ _ _ _ _ _ _

    def get_hier_2():
>       director = Person("Rector")
E       NameError: name 'Person' is not defined

test_student.py:39: NameError
______________________________ test_s_find_val_4 ______________________________

    def test_s_find_val_4():
>       t_d = get_hier_2()

test_student.py:84: 
_ _ _ _ _ _ _ _ _ _ _ _ _ _ _ _ _ _ _ _ _ _ _ _ _ _ _ _ _ _ _ _ _ _ _ _ _ _ _ _

    def get_hier_2():
>       director = Person("Rector")
E       NameError: name 'Person' is not defined

test_student.py:39: NameError
______________________________ test_s_find_val_5 ______________________________

    def test_s_find_val_5():
>       t_d = get_hier_2()

test_student.py:90: 
_ _ _ _ _ _ _ _ _ _ _ _ _ _ _ _ _ _ _ _ _ _ _ _ _ _ _ _ _ _ _ _ _ _ _ _ _ _ _ _

    def get_hier_2():
>       director = Person("Rector")
E       NameError: name 'Person' is not defined

test_student.py:39: NameError
_____________________________ test_s_collector_1 ______________________________

    def test_s_collector_1():
>       t_d = get_hier()

test_student.py:104: 
_ _ _ _ _ _ _ _ _ _ _ _ _ _ _ _ _ _ _ _ _ _ _ _ _ _ _ _ _ _ _ _ _ _ _ _ _ _ _ _

    def get_hier():
>       director = Person("Director")
E       NameError: name 'Person' is not defined

test_student.py:19: NameError
_____________________________ test_s_collector_2 ______________________________

    def test_s_collector_2():
>       t_d = get_hier()

test_student.py:110: 
_ _ _ _ _ _ _ _ _ _ _ _ _ _ _ _ _ _ _ _ _ _ _ _ _ _ _ _ _ _ _ _ _ _ _ _ _ _ _ _

    def get_hier():
>       director = Person("Director")
E       NameError: name 'Person' is not defined

test_student.py:19: NameError
_____________________________ test_s_hierarchy_1 ______________________________

    def test_s_hierarchy_1():
>       t_d = get_hier()

test_student.py:117: 
_ _ _ _ _ _ _ _ _ _ _ _ _ _ _ _ _ _ _ _ _ _ _ _ _ _ _ _ _ _ _ _ _ _ _ _ _ _ _ _

    def get_hier():
>       director = Person("Director")
E       NameError: name 'Person' is not defined

test_student.py:19: NameError
_____________________________ test_s_hierarchy_2 ______________________________

    def test_s_hierarchy_2():
>       t_d = get_hier()

test_student.py:123: 
_ _ _ _ _ _ _ _ _ _ _ _ _ _ _ _ _ _ _ _ _ _ _ _ _ _ _ _ _ _ _ _ _ _ _ _ _ _ _ _

    def get_hier():
>       director = Person("Director")
E       NameError: name 'Person' is not defined

test_student.py:19: NameError
_____________________________ test_s_hierarchy_3 ______________________________

    def test_s_hierarchy_3():
>       t_d = get_hier()

test_student.py:129: 
_ _ _ _ _ _ _ _ _ _ _ _ _ _ _ _ _ _ _ _ _ _ _ _ _ _ _ _ _ _ _ _ _ _ _ _ _ _ _ _

    def get_hier():
>       director = Person("Director")
E       NameError: name 'Person' is not defined

test_student.py:19: NameError
========================== 11 failed in 0.15 seconds ==========================
============================= test session starts =============================
platform win32 -- Python 3.6.5, pytest-3.10.1, py-1.5.3, pluggy-0.12.0
rootdir: C:\Users\Saad Malik\Desktop\a06, inifile:
plugins: arraydiff-0.2, doctestplus-0.1.3, openfiles-0.3.0, remotedata-0.2.1, timeout-1.3.3
timeout: 3.0s
timeout method: thread
timeout func_only: False
collected 11 items

test_student.py FFFFFFFFFFF                                              [100%]

================================== FAILURES ===================================
_______________________________ test_s_person_1 _______________________________

    def test_s_person_1():
>       director = Person("Director")
E       NameError: name 'Person' is not defined

test_student.py:60: NameError
______________________________ test_s_find_val_1 ______________________________

    def test_s_find_val_1():
>       t_d = get_hier()

test_student.py:67: 
_ _ _ _ _ _ _ _ _ _ _ _ _ _ _ _ _ _ _ _ _ _ _ _ _ _ _ _ _ _ _ _ _ _ _ _ _ _ _ _

    def get_hier():
>       director = Person("Director")
E       NameError: name 'Person' is not defined

test_student.py:19: NameError
______________________________ test_s_find_val_2 ______________________________

    def test_s_find_val_2():
>       t_d = get_hier()

test_student.py:72: 
_ _ _ _ _ _ _ _ _ _ _ _ _ _ _ _ _ _ _ _ _ _ _ _ _ _ _ _ _ _ _ _ _ _ _ _ _ _ _ _

    def get_hier():
>       director = Person("Director")
E       NameError: name 'Person' is not defined

test_student.py:19: NameError
______________________________ test_s_find_val_3 ______________________________

    def test_s_find_val_3():
>       t_d = get_hier_2()

test_student.py:78: 
_ _ _ _ _ _ _ _ _ _ _ _ _ _ _ _ _ _ _ _ _ _ _ _ _ _ _ _ _ _ _ _ _ _ _ _ _ _ _ _

    def get_hier_2():
>       director = Person("Rector")
E       NameError: name 'Person' is not defined

test_student.py:39: NameError
______________________________ test_s_find_val_4 ______________________________

    def test_s_find_val_4():
>       t_d = get_hier_2()

test_student.py:84: 
_ _ _ _ _ _ _ _ _ _ _ _ _ _ _ _ _ _ _ _ _ _ _ _ _ _ _ _ _ _ _ _ _ _ _ _ _ _ _ _

    def get_hier_2():
>       director = Person("Rector")
E       NameError: name 'Person' is not defined

test_student.py:39: NameError
______________________________ test_s_find_val_5 ______________________________

    def test_s_find_val_5():
>       t_d = get_hier_2()

test_student.py:90: 
_ _ _ _ _ _ _ _ _ _ _ _ _ _ _ _ _ _ _ _ _ _ _ _ _ _ _ _ _ _ _ _ _ _ _ _ _ _ _ _

    def get_hier_2():
>       director = Person("Rector")
E       NameError: name 'Person' is not defined

test_student.py:39: NameError
_____________________________ test_s_collector_1 ______________________________

    def test_s_collector_1():
>       t_d = get_hier()

test_student.py:104: 
_ _ _ _ _ _ _ _ _ _ _ _ _ _ _ _ _ _ _ _ _ _ _ _ _ _ _ _ _ _ _ _ _ _ _ _ _ _ _ _

    def get_hier():
>       director = Person("Director")
E       NameError: name 'Person' is not defined

test_student.py:19: NameError
_____________________________ test_s_collector_2 ______________________________

    def test_s_collector_2():
>       t_d = get_hier()

test_student.py:110: 
_ _ _ _ _ _ _ _ _ _ _ _ _ _ _ _ _ _ _ _ _ _ _ _ _ _ _ _ _ _ _ _ _ _ _ _ _ _ _ _

    def get_hier():
>       director = Person("Director")
E       NameError: name 'Person' is not defined

test_student.py:19: NameError
_____________________________ test_s_hierarchy_1 ______________________________

    def test_s_hierarchy_1():
>       t_d = get_hier()

test_student.py:117: 
_ _ _ _ _ _ _ _ _ _ _ _ _ _ _ _ _ _ _ _ _ _ _ _ _ _ _ _ _ _ _ _ _ _ _ _ _ _ _ _

    def get_hier():
>       director = Person("Director")
E       NameError: name 'Person' is not defined

test_student.py:19: NameError
_____________________________ test_s_hierarchy_2 ______________________________

    def test_s_hierarchy_2():
>       t_d = get_hier()

test_student.py:123: 
_ _ _ _ _ _ _ _ _ _ _ _ _ _ _ _ _ _ _ _ _ _ _ _ _ _ _ _ _ _ _ _ _ _ _ _ _ _ _ _

    def get_hier():
>       director = Person("Director")
E       NameError: name 'Person' is not defined

test_student.py:19: NameError
_____________________________ test_s_hierarchy_3 ______________________________

    def test_s_hierarchy_3():
>       t_d = get_hier()

test_student.py:129: 
_ _ _ _ _ _ _ _ _ _ _ _ _ _ _ _ _ _ _ _ _ _ _ _ _ _ _ _ _ _ _ _ _ _ _ _ _ _ _ _

    def get_hier():
>       director = Person("Director")
E       NameError: name 'Person' is not defined

test_student.py:19: NameError
========================== 11 failed in 0.36 seconds ==========================
============================= test session starts =============================
platform win32 -- Python 3.6.5, pytest-3.10.1, py-1.5.3, pluggy-0.12.0
rootdir: C:\Users\Saad Malik\Desktop\a06, inifile:
plugins: arraydiff-0.2, doctestplus-0.1.3, openfiles-0.3.0, remotedata-0.2.1, timeout-1.3.3
timeout: 3.0s
timeout method: thread
timeout func_only: False
collected 11 items

test_student.py FFFFFFFFFFF                                              [100%]

================================== FAILURES ===================================
_______________________________ test_s_person_1 _______________________________

    def test_s_person_1():
>       director = Person("Director")
E       NameError: name 'Person' is not defined

test_student.py:60: NameError
______________________________ test_s_find_val_1 ______________________________

    def test_s_find_val_1():
>       t_d = get_hier()

test_student.py:67: 
_ _ _ _ _ _ _ _ _ _ _ _ _ _ _ _ _ _ _ _ _ _ _ _ _ _ _ _ _ _ _ _ _ _ _ _ _ _ _ _

    def get_hier():
>       director = Person("Director")
E       NameError: name 'Person' is not defined

test_student.py:19: NameError
______________________________ test_s_find_val_2 ______________________________

    def test_s_find_val_2():
>       t_d = get_hier()

test_student.py:72: 
_ _ _ _ _ _ _ _ _ _ _ _ _ _ _ _ _ _ _ _ _ _ _ _ _ _ _ _ _ _ _ _ _ _ _ _ _ _ _ _

    def get_hier():
>       director = Person("Director")
E       NameError: name 'Person' is not defined

test_student.py:19: NameError
______________________________ test_s_find_val_3 ______________________________

    def test_s_find_val_3():
>       t_d = get_hier_2()

test_student.py:78: 
_ _ _ _ _ _ _ _ _ _ _ _ _ _ _ _ _ _ _ _ _ _ _ _ _ _ _ _ _ _ _ _ _ _ _ _ _ _ _ _

    def get_hier_2():
>       director = Person("Rector")
E       NameError: name 'Person' is not defined

test_student.py:39: NameError
______________________________ test_s_find_val_4 ______________________________

    def test_s_find_val_4():
>       t_d = get_hier_2()

test_student.py:84: 
_ _ _ _ _ _ _ _ _ _ _ _ _ _ _ _ _ _ _ _ _ _ _ _ _ _ _ _ _ _ _ _ _ _ _ _ _ _ _ _

    def get_hier_2():
>       director = Person("Rector")
E       NameError: name 'Person' is not defined

test_student.py:39: NameError
______________________________ test_s_find_val_5 ______________________________

    def test_s_find_val_5():
>       t_d = get_hier_2()

test_student.py:90: 
_ _ _ _ _ _ _ _ _ _ _ _ _ _ _ _ _ _ _ _ _ _ _ _ _ _ _ _ _ _ _ _ _ _ _ _ _ _ _ _

    def get_hier_2():
>       director = Person("Rector")
E       NameError: name 'Person' is not defined

test_student.py:39: NameError
_____________________________ test_s_collector_1 ______________________________

    def test_s_collector_1():
>       t_d = get_hier()

test_student.py:104: 
_ _ _ _ _ _ _ _ _ _ _ _ _ _ _ _ _ _ _ _ _ _ _ _ _ _ _ _ _ _ _ _ _ _ _ _ _ _ _ _

    def get_hier():
>       director = Person("Director")
E       NameError: name 'Person' is not defined

test_student.py:19: NameError
_____________________________ test_s_collector_2 ______________________________

    def test_s_collector_2():
>       t_d = get_hier()

test_student.py:110: 
_ _ _ _ _ _ _ _ _ _ _ _ _ _ _ _ _ _ _ _ _ _ _ _ _ _ _ _ _ _ _ _ _ _ _ _ _ _ _ _

    def get_hier():
>       director = Person("Director")
E       NameError: name 'Person' is not defined

test_student.py:19: NameError
_____________________________ test_s_hierarchy_1 ______________________________

    def test_s_hierarchy_1():
>       t_d = get_hier()

test_student.py:117: 
_ _ _ _ _ _ _ _ _ _ _ _ _ _ _ _ _ _ _ _ _ _ _ _ _ _ _ _ _ _ _ _ _ _ _ _ _ _ _ _

    def get_hier():
>       director = Person("Director")
E       NameError: name 'Person' is not defined

test_student.py:19: NameError
_____________________________ test_s_hierarchy_2 ______________________________

    def test_s_hierarchy_2():
>       t_d = get_hier()

test_student.py:123: 
_ _ _ _ _ _ _ _ _ _ _ _ _ _ _ _ _ _ _ _ _ _ _ _ _ _ _ _ _ _ _ _ _ _ _ _ _ _ _ _

    def get_hier():
>       director = Person("Director")
E       NameError: name 'Person' is not defined

test_student.py:19: NameError
_____________________________ test_s_hierarchy_3 ______________________________

    def test_s_hierarchy_3():
>       t_d = get_hier()

test_student.py:129: 
_ _ _ _ _ _ _ _ _ _ _ _ _ _ _ _ _ _ _ _ _ _ _ _ _ _ _ _ _ _ _ _ _ _ _ _ _ _ _ _

    def get_hier():
>       director = Person("Director")
E       NameError: name 'Person' is not defined

test_student.py:19: NameError
========================== 11 failed in 0.20 seconds ==========================
============================= test session starts =============================
platform win32 -- Python 3.6.5, pytest-3.10.1, py-1.5.3, pluggy-0.12.0
rootdir: C:\Users\Saad Malik\Desktop\a06, inifile:
plugins: arraydiff-0.2, doctestplus-0.1.3, openfiles-0.3.0, remotedata-0.2.1, timeout-1.3.3
timeout: 3.0s
timeout method: thread
timeout func_only: False
collected 11 items

test_student.py FFFFFFFFFFF                                              [100%]

================================== FAILURES ===================================
_______________________________ test_s_person_1 _______________________________

    def test_s_person_1():
>       director = Person("Director")
E       NameError: name 'Person' is not defined

test_student.py:60: NameError
______________________________ test_s_find_val_1 ______________________________

    def test_s_find_val_1():
>       t_d = get_hier()

test_student.py:67: 
_ _ _ _ _ _ _ _ _ _ _ _ _ _ _ _ _ _ _ _ _ _ _ _ _ _ _ _ _ _ _ _ _ _ _ _ _ _ _ _

    def get_hier():
>       director = Person("Director")
E       NameError: name 'Person' is not defined

test_student.py:19: NameError
______________________________ test_s_find_val_2 ______________________________

    def test_s_find_val_2():
>       t_d = get_hier()

test_student.py:72: 
_ _ _ _ _ _ _ _ _ _ _ _ _ _ _ _ _ _ _ _ _ _ _ _ _ _ _ _ _ _ _ _ _ _ _ _ _ _ _ _

    def get_hier():
>       director = Person("Director")
E       NameError: name 'Person' is not defined

test_student.py:19: NameError
______________________________ test_s_find_val_3 ______________________________

    def test_s_find_val_3():
>       t_d = get_hier_2()

test_student.py:78: 
_ _ _ _ _ _ _ _ _ _ _ _ _ _ _ _ _ _ _ _ _ _ _ _ _ _ _ _ _ _ _ _ _ _ _ _ _ _ _ _

    def get_hier_2():
>       director = Person("Rector")
E       NameError: name 'Person' is not defined

test_student.py:39: NameError
______________________________ test_s_find_val_4 ______________________________

    def test_s_find_val_4():
>       t_d = get_hier_2()

test_student.py:84: 
_ _ _ _ _ _ _ _ _ _ _ _ _ _ _ _ _ _ _ _ _ _ _ _ _ _ _ _ _ _ _ _ _ _ _ _ _ _ _ _

    def get_hier_2():
>       director = Person("Rector")
E       NameError: name 'Person' is not defined

test_student.py:39: NameError
______________________________ test_s_find_val_5 ______________________________

    def test_s_find_val_5():
>       t_d = get_hier_2()

test_student.py:90: 
_ _ _ _ _ _ _ _ _ _ _ _ _ _ _ _ _ _ _ _ _ _ _ _ _ _ _ _ _ _ _ _ _ _ _ _ _ _ _ _

    def get_hier_2():
>       director = Person("Rector")
E       NameError: name 'Person' is not defined

test_student.py:39: NameError
_____________________________ test_s_collector_1 ______________________________

    def test_s_collector_1():
>       t_d = get_hier()

test_student.py:104: 
_ _ _ _ _ _ _ _ _ _ _ _ _ _ _ _ _ _ _ _ _ _ _ _ _ _ _ _ _ _ _ _ _ _ _ _ _ _ _ _

    def get_hier():
>       director = Person("Director")
E       NameError: name 'Person' is not defined

test_student.py:19: NameError
_____________________________ test_s_collector_2 ______________________________

    def test_s_collector_2():
>       t_d = get_hier()

test_student.py:110: 
_ _ _ _ _ _ _ _ _ _ _ _ _ _ _ _ _ _ _ _ _ _ _ _ _ _ _ _ _ _ _ _ _ _ _ _ _ _ _ _

    def get_hier():
>       director = Person("Director")
E       NameError: name 'Person' is not defined

test_student.py:19: NameError
_____________________________ test_s_hierarchy_1 ______________________________

    def test_s_hierarchy_1():
>       t_d = get_hier()

test_student.py:117: 
_ _ _ _ _ _ _ _ _ _ _ _ _ _ _ _ _ _ _ _ _ _ _ _ _ _ _ _ _ _ _ _ _ _ _ _ _ _ _ _

    def get_hier():
>       director = Person("Director")
E       NameError: name 'Person' is not defined

test_student.py:19: NameError
_____________________________ test_s_hierarchy_2 ______________________________

    def test_s_hierarchy_2():
>       t_d = get_hier()

test_student.py:123: 
_ _ _ _ _ _ _ _ _ _ _ _ _ _ _ _ _ _ _ _ _ _ _ _ _ _ _ _ _ _ _ _ _ _ _ _ _ _ _ _

    def get_hier():
>       director = Person("Director")
E       NameError: name 'Person' is not defined

test_student.py:19: NameError
_____________________________ test_s_hierarchy_3 ______________________________

    def test_s_hierarchy_3():
>       t_d = get_hier()

test_student.py:129: 
_ _ _ _ _ _ _ _ _ _ _ _ _ _ _ _ _ _ _ _ _ _ _ _ _ _ _ _ _ _ _ _ _ _ _ _ _ _ _ _

    def get_hier():
>       director = Person("Director")
E       NameError: name 'Person' is not defined

test_student.py:19: NameError
========================== 11 failed in 0.16 seconds ==========================
============================= test session starts =============================
platform win32 -- Python 3.6.5, pytest-3.10.1, py-1.5.3, pluggy-0.12.0
rootdir: C:\Users\Saad Malik\Desktop\a06, inifile:
plugins: arraydiff-0.2, doctestplus-0.1.3, openfiles-0.3.0, remotedata-0.2.1, timeout-1.3.3
timeout: 3.0s
timeout method: thread
timeout func_only: False
collected 11 items

test_student.py FFFFFFFFFFF                                              [100%]

================================== FAILURES ===================================
_______________________________ test_s_person_1 _______________________________

    def test_s_person_1():
>       director = Person("Director")
E       NameError: name 'Person' is not defined

test_student.py:60: NameError
______________________________ test_s_find_val_1 ______________________________

    def test_s_find_val_1():
>       t_d = get_hier()

test_student.py:67: 
_ _ _ _ _ _ _ _ _ _ _ _ _ _ _ _ _ _ _ _ _ _ _ _ _ _ _ _ _ _ _ _ _ _ _ _ _ _ _ _

    def get_hier():
>       director = Person("Director")
E       NameError: name 'Person' is not defined

test_student.py:19: NameError
______________________________ test_s_find_val_2 ______________________________

    def test_s_find_val_2():
>       t_d = get_hier()

test_student.py:72: 
_ _ _ _ _ _ _ _ _ _ _ _ _ _ _ _ _ _ _ _ _ _ _ _ _ _ _ _ _ _ _ _ _ _ _ _ _ _ _ _

    def get_hier():
>       director = Person("Director")
E       NameError: name 'Person' is not defined

test_student.py:19: NameError
______________________________ test_s_find_val_3 ______________________________

    def test_s_find_val_3():
>       t_d = get_hier_2()

test_student.py:78: 
_ _ _ _ _ _ _ _ _ _ _ _ _ _ _ _ _ _ _ _ _ _ _ _ _ _ _ _ _ _ _ _ _ _ _ _ _ _ _ _

    def get_hier_2():
>       director = Person("Rector")
E       NameError: name 'Person' is not defined

test_student.py:39: NameError
______________________________ test_s_find_val_4 ______________________________

    def test_s_find_val_4():
>       t_d = get_hier_2()

test_student.py:84: 
_ _ _ _ _ _ _ _ _ _ _ _ _ _ _ _ _ _ _ _ _ _ _ _ _ _ _ _ _ _ _ _ _ _ _ _ _ _ _ _

    def get_hier_2():
>       director = Person("Rector")
E       NameError: name 'Person' is not defined

test_student.py:39: NameError
______________________________ test_s_find_val_5 ______________________________

    def test_s_find_val_5():
>       t_d = get_hier_2()

test_student.py:90: 
_ _ _ _ _ _ _ _ _ _ _ _ _ _ _ _ _ _ _ _ _ _ _ _ _ _ _ _ _ _ _ _ _ _ _ _ _ _ _ _

    def get_hier_2():
>       director = Person("Rector")
E       NameError: name 'Person' is not defined

test_student.py:39: NameError
_____________________________ test_s_collector_1 ______________________________

    def test_s_collector_1():
>       t_d = get_hier()

test_student.py:104: 
_ _ _ _ _ _ _ _ _ _ _ _ _ _ _ _ _ _ _ _ _ _ _ _ _ _ _ _ _ _ _ _ _ _ _ _ _ _ _ _

    def get_hier():
>       director = Person("Director")
E       NameError: name 'Person' is not defined

test_student.py:19: NameError
_____________________________ test_s_collector_2 ______________________________

    def test_s_collector_2():
>       t_d = get_hier()

test_student.py:110: 
_ _ _ _ _ _ _ _ _ _ _ _ _ _ _ _ _ _ _ _ _ _ _ _ _ _ _ _ _ _ _ _ _ _ _ _ _ _ _ _

    def get_hier():
>       director = Person("Director")
E       NameError: name 'Person' is not defined

test_student.py:19: NameError
_____________________________ test_s_hierarchy_1 ______________________________

    def test_s_hierarchy_1():
>       t_d = get_hier()

test_student.py:117: 
_ _ _ _ _ _ _ _ _ _ _ _ _ _ _ _ _ _ _ _ _ _ _ _ _ _ _ _ _ _ _ _ _ _ _ _ _ _ _ _

    def get_hier():
>       director = Person("Director")
E       NameError: name 'Person' is not defined

test_student.py:19: NameError
_____________________________ test_s_hierarchy_2 ______________________________

    def test_s_hierarchy_2():
>       t_d = get_hier()

test_student.py:123: 
_ _ _ _ _ _ _ _ _ _ _ _ _ _ _ _ _ _ _ _ _ _ _ _ _ _ _ _ _ _ _ _ _ _ _ _ _ _ _ _

    def get_hier():
>       director = Person("Director")
E       NameError: name 'Person' is not defined

test_student.py:19: NameError
_____________________________ test_s_hierarchy_3 ______________________________

    def test_s_hierarchy_3():
>       t_d = get_hier()

test_student.py:129: 
_ _ _ _ _ _ _ _ _ _ _ _ _ _ _ _ _ _ _ _ _ _ _ _ _ _ _ _ _ _ _ _ _ _ _ _ _ _ _ _

    def get_hier():
>       director = Person("Director")
E       NameError: name 'Person' is not defined

test_student.py:19: NameError
========================== 11 failed in 0.16 seconds ==========================
============================= test session starts =============================
platform win32 -- Python 3.6.5, pytest-3.10.1, py-1.5.3, pluggy-0.12.0
rootdir: C:\Users\Saad Malik\Desktop\a06, inifile:
plugins: arraydiff-0.2, doctestplus-0.1.3, openfiles-0.3.0, remotedata-0.2.1, timeout-1.3.3
timeout: 3.0s
timeout method: thread
timeout func_only: False
collected 11 items

test_student.py FFFFFFFFFFF                                              [100%]

================================== FAILURES ===================================
_______________________________ test_s_person_1 _______________________________

    def test_s_person_1():
>       director = Person("Director")
E       NameError: name 'Person' is not defined

test_student.py:60: NameError
______________________________ test_s_find_val_1 ______________________________

    def test_s_find_val_1():
>       t_d = get_hier()

test_student.py:67: 
_ _ _ _ _ _ _ _ _ _ _ _ _ _ _ _ _ _ _ _ _ _ _ _ _ _ _ _ _ _ _ _ _ _ _ _ _ _ _ _

    def get_hier():
>       director = Person("Director")
E       NameError: name 'Person' is not defined

test_student.py:19: NameError
______________________________ test_s_find_val_2 ______________________________

    def test_s_find_val_2():
>       t_d = get_hier()

test_student.py:72: 
_ _ _ _ _ _ _ _ _ _ _ _ _ _ _ _ _ _ _ _ _ _ _ _ _ _ _ _ _ _ _ _ _ _ _ _ _ _ _ _

    def get_hier():
>       director = Person("Director")
E       NameError: name 'Person' is not defined

test_student.py:19: NameError
______________________________ test_s_find_val_3 ______________________________

    def test_s_find_val_3():
>       t_d = get_hier_2()

test_student.py:78: 
_ _ _ _ _ _ _ _ _ _ _ _ _ _ _ _ _ _ _ _ _ _ _ _ _ _ _ _ _ _ _ _ _ _ _ _ _ _ _ _

    def get_hier_2():
>       director = Person("Rector")
E       NameError: name 'Person' is not defined

test_student.py:39: NameError
______________________________ test_s_find_val_4 ______________________________

    def test_s_find_val_4():
>       t_d = get_hier_2()

test_student.py:84: 
_ _ _ _ _ _ _ _ _ _ _ _ _ _ _ _ _ _ _ _ _ _ _ _ _ _ _ _ _ _ _ _ _ _ _ _ _ _ _ _

    def get_hier_2():
>       director = Person("Rector")
E       NameError: name 'Person' is not defined

test_student.py:39: NameError
______________________________ test_s_find_val_5 ______________________________

    def test_s_find_val_5():
>       t_d = get_hier_2()

test_student.py:90: 
_ _ _ _ _ _ _ _ _ _ _ _ _ _ _ _ _ _ _ _ _ _ _ _ _ _ _ _ _ _ _ _ _ _ _ _ _ _ _ _

    def get_hier_2():
>       director = Person("Rector")
E       NameError: name 'Person' is not defined

test_student.py:39: NameError
_____________________________ test_s_collector_1 ______________________________

    def test_s_collector_1():
>       t_d = get_hier()

test_student.py:104: 
_ _ _ _ _ _ _ _ _ _ _ _ _ _ _ _ _ _ _ _ _ _ _ _ _ _ _ _ _ _ _ _ _ _ _ _ _ _ _ _

    def get_hier():
>       director = Person("Director")
E       NameError: name 'Person' is not defined

test_student.py:19: NameError
_____________________________ test_s_collector_2 ______________________________

    def test_s_collector_2():
>       t_d = get_hier()

test_student.py:110: 
_ _ _ _ _ _ _ _ _ _ _ _ _ _ _ _ _ _ _ _ _ _ _ _ _ _ _ _ _ _ _ _ _ _ _ _ _ _ _ _

    def get_hier():
>       director = Person("Director")
E       NameError: name 'Person' is not defined

test_student.py:19: NameError
_____________________________ test_s_hierarchy_1 ______________________________

    def test_s_hierarchy_1():
>       t_d = get_hier()

test_student.py:117: 
_ _ _ _ _ _ _ _ _ _ _ _ _ _ _ _ _ _ _ _ _ _ _ _ _ _ _ _ _ _ _ _ _ _ _ _ _ _ _ _

    def get_hier():
>       director = Person("Director")
E       NameError: name 'Person' is not defined

test_student.py:19: NameError
_____________________________ test_s_hierarchy_2 ______________________________

    def test_s_hierarchy_2():
>       t_d = get_hier()

test_student.py:123: 
_ _ _ _ _ _ _ _ _ _ _ _ _ _ _ _ _ _ _ _ _ _ _ _ _ _ _ _ _ _ _ _ _ _ _ _ _ _ _ _

    def get_hier():
>       director = Person("Director")
E       NameError: name 'Person' is not defined

test_student.py:19: NameError
_____________________________ test_s_hierarchy_3 ______________________________

    def test_s_hierarchy_3():
>       t_d = get_hier()

test_student.py:129: 
_ _ _ _ _ _ _ _ _ _ _ _ _ _ _ _ _ _ _ _ _ _ _ _ _ _ _ _ _ _ _ _ _ _ _ _ _ _ _ _

    def get_hier():
>       director = Person("Director")
E       NameError: name 'Person' is not defined

test_student.py:19: NameError
========================== 11 failed in 0.17 seconds ==========================
============================= test session starts =============================
platform win32 -- Python 3.6.5, pytest-3.10.1, py-1.5.3, pluggy-0.12.0
rootdir: C:\Users\Saad Malik\Desktop\a06, inifile:
plugins: arraydiff-0.2, doctestplus-0.1.3, openfiles-0.3.0, remotedata-0.2.1, timeout-1.3.3
timeout: 3.0s
timeout method: thread
timeout func_only: False
collected 11 items

test_student.py FFFFFFFFFFF                                              [100%]

================================== FAILURES ===================================
_______________________________ test_s_person_1 _______________________________

    def test_s_person_1():
>       director = Person("Director")
E       NameError: name 'Person' is not defined

test_student.py:60: NameError
______________________________ test_s_find_val_1 ______________________________

    def test_s_find_val_1():
>       t_d = get_hier()

test_student.py:67: 
_ _ _ _ _ _ _ _ _ _ _ _ _ _ _ _ _ _ _ _ _ _ _ _ _ _ _ _ _ _ _ _ _ _ _ _ _ _ _ _

    def get_hier():
>       director = Person("Director")
E       NameError: name 'Person' is not defined

test_student.py:19: NameError
______________________________ test_s_find_val_2 ______________________________

    def test_s_find_val_2():
>       t_d = get_hier()

test_student.py:72: 
_ _ _ _ _ _ _ _ _ _ _ _ _ _ _ _ _ _ _ _ _ _ _ _ _ _ _ _ _ _ _ _ _ _ _ _ _ _ _ _

    def get_hier():
>       director = Person("Director")
E       NameError: name 'Person' is not defined

test_student.py:19: NameError
______________________________ test_s_find_val_3 ______________________________

    def test_s_find_val_3():
>       t_d = get_hier_2()

test_student.py:78: 
_ _ _ _ _ _ _ _ _ _ _ _ _ _ _ _ _ _ _ _ _ _ _ _ _ _ _ _ _ _ _ _ _ _ _ _ _ _ _ _

    def get_hier_2():
>       director = Person("Rector")
E       NameError: name 'Person' is not defined

test_student.py:39: NameError
______________________________ test_s_find_val_4 ______________________________

    def test_s_find_val_4():
>       t_d = get_hier_2()

test_student.py:84: 
_ _ _ _ _ _ _ _ _ _ _ _ _ _ _ _ _ _ _ _ _ _ _ _ _ _ _ _ _ _ _ _ _ _ _ _ _ _ _ _

    def get_hier_2():
>       director = Person("Rector")
E       NameError: name 'Person' is not defined

test_student.py:39: NameError
______________________________ test_s_find_val_5 ______________________________

    def test_s_find_val_5():
>       t_d = get_hier_2()

test_student.py:90: 
_ _ _ _ _ _ _ _ _ _ _ _ _ _ _ _ _ _ _ _ _ _ _ _ _ _ _ _ _ _ _ _ _ _ _ _ _ _ _ _

    def get_hier_2():
>       director = Person("Rector")
E       NameError: name 'Person' is not defined

test_student.py:39: NameError
_____________________________ test_s_collector_1 ______________________________

    def test_s_collector_1():
>       t_d = get_hier()

test_student.py:104: 
_ _ _ _ _ _ _ _ _ _ _ _ _ _ _ _ _ _ _ _ _ _ _ _ _ _ _ _ _ _ _ _ _ _ _ _ _ _ _ _

    def get_hier():
>       director = Person("Director")
E       NameError: name 'Person' is not defined

test_student.py:19: NameError
_____________________________ test_s_collector_2 ______________________________

    def test_s_collector_2():
>       t_d = get_hier()

test_student.py:110: 
_ _ _ _ _ _ _ _ _ _ _ _ _ _ _ _ _ _ _ _ _ _ _ _ _ _ _ _ _ _ _ _ _ _ _ _ _ _ _ _

    def get_hier():
>       director = Person("Director")
E       NameError: name 'Person' is not defined

test_student.py:19: NameError
_____________________________ test_s_hierarchy_1 ______________________________

    def test_s_hierarchy_1():
>       t_d = get_hier()

test_student.py:117: 
_ _ _ _ _ _ _ _ _ _ _ _ _ _ _ _ _ _ _ _ _ _ _ _ _ _ _ _ _ _ _ _ _ _ _ _ _ _ _ _

    def get_hier():
>       director = Person("Director")
E       NameError: name 'Person' is not defined

test_student.py:19: NameError
_____________________________ test_s_hierarchy_2 ______________________________

    def test_s_hierarchy_2():
>       t_d = get_hier()

test_student.py:123: 
_ _ _ _ _ _ _ _ _ _ _ _ _ _ _ _ _ _ _ _ _ _ _ _ _ _ _ _ _ _ _ _ _ _ _ _ _ _ _ _

    def get_hier():
>       director = Person("Director")
E       NameError: name 'Person' is not defined

test_student.py:19: NameError
_____________________________ test_s_hierarchy_3 ______________________________

    def test_s_hierarchy_3():
>       t_d = get_hier()

test_student.py:129: 
_ _ _ _ _ _ _ _ _ _ _ _ _ _ _ _ _ _ _ _ _ _ _ _ _ _ _ _ _ _ _ _ _ _ _ _ _ _ _ _

    def get_hier():
>       director = Person("Director")
E       NameError: name 'Person' is not defined

test_student.py:19: NameError
========================== 11 failed in 0.24 seconds ==========================
============================= test session starts =============================
platform win32 -- Python 3.6.5, pytest-3.10.1, py-1.5.3, pluggy-0.12.0
rootdir: C:\Users\Saad Malik\Desktop\a06, inifile:
plugins: arraydiff-0.2, doctestplus-0.1.3, openfiles-0.3.0, remotedata-0.2.1, timeout-1.3.3
timeout: 3.0s
timeout method: thread
timeout func_only: False
collected 11 items

test_student.py FFFFFFFFFFF                                              [100%]

================================== FAILURES ===================================
_______________________________ test_s_person_1 _______________________________

    def test_s_person_1():
>       director = Person("Director")
E       NameError: name 'Person' is not defined

test_student.py:60: NameError
______________________________ test_s_find_val_1 ______________________________

    def test_s_find_val_1():
>       t_d = get_hier()

test_student.py:67: 
_ _ _ _ _ _ _ _ _ _ _ _ _ _ _ _ _ _ _ _ _ _ _ _ _ _ _ _ _ _ _ _ _ _ _ _ _ _ _ _

    def get_hier():
>       director = Person("Director")
E       NameError: name 'Person' is not defined

test_student.py:19: NameError
______________________________ test_s_find_val_2 ______________________________

    def test_s_find_val_2():
>       t_d = get_hier()

test_student.py:72: 
_ _ _ _ _ _ _ _ _ _ _ _ _ _ _ _ _ _ _ _ _ _ _ _ _ _ _ _ _ _ _ _ _ _ _ _ _ _ _ _

    def get_hier():
>       director = Person("Director")
E       NameError: name 'Person' is not defined

test_student.py:19: NameError
______________________________ test_s_find_val_3 ______________________________

    def test_s_find_val_3():
>       t_d = get_hier_2()

test_student.py:78: 
_ _ _ _ _ _ _ _ _ _ _ _ _ _ _ _ _ _ _ _ _ _ _ _ _ _ _ _ _ _ _ _ _ _ _ _ _ _ _ _

    def get_hier_2():
>       director = Person("Rector")
E       NameError: name 'Person' is not defined

test_student.py:39: NameError
______________________________ test_s_find_val_4 ______________________________

    def test_s_find_val_4():
>       t_d = get_hier_2()

test_student.py:84: 
_ _ _ _ _ _ _ _ _ _ _ _ _ _ _ _ _ _ _ _ _ _ _ _ _ _ _ _ _ _ _ _ _ _ _ _ _ _ _ _

    def get_hier_2():
>       director = Person("Rector")
E       NameError: name 'Person' is not defined

test_student.py:39: NameError
______________________________ test_s_find_val_5 ______________________________

    def test_s_find_val_5():
>       t_d = get_hier_2()

test_student.py:90: 
_ _ _ _ _ _ _ _ _ _ _ _ _ _ _ _ _ _ _ _ _ _ _ _ _ _ _ _ _ _ _ _ _ _ _ _ _ _ _ _

    def get_hier_2():
>       director = Person("Rector")
E       NameError: name 'Person' is not defined

test_student.py:39: NameError
_____________________________ test_s_collector_1 ______________________________

    def test_s_collector_1():
>       t_d = get_hier()

test_student.py:104: 
_ _ _ _ _ _ _ _ _ _ _ _ _ _ _ _ _ _ _ _ _ _ _ _ _ _ _ _ _ _ _ _ _ _ _ _ _ _ _ _

    def get_hier():
>       director = Person("Director")
E       NameError: name 'Person' is not defined

test_student.py:19: NameError
_____________________________ test_s_collector_2 ______________________________

    def test_s_collector_2():
>       t_d = get_hier()

test_student.py:110: 
_ _ _ _ _ _ _ _ _ _ _ _ _ _ _ _ _ _ _ _ _ _ _ _ _ _ _ _ _ _ _ _ _ _ _ _ _ _ _ _

    def get_hier():
>       director = Person("Director")
E       NameError: name 'Person' is not defined

test_student.py:19: NameError
_____________________________ test_s_hierarchy_1 ______________________________

    def test_s_hierarchy_1():
>       t_d = get_hier()

test_student.py:117: 
_ _ _ _ _ _ _ _ _ _ _ _ _ _ _ _ _ _ _ _ _ _ _ _ _ _ _ _ _ _ _ _ _ _ _ _ _ _ _ _

    def get_hier():
>       director = Person("Director")
E       NameError: name 'Person' is not defined

test_student.py:19: NameError
_____________________________ test_s_hierarchy_2 ______________________________

    def test_s_hierarchy_2():
>       t_d = get_hier()

test_student.py:123: 
_ _ _ _ _ _ _ _ _ _ _ _ _ _ _ _ _ _ _ _ _ _ _ _ _ _ _ _ _ _ _ _ _ _ _ _ _ _ _ _

    def get_hier():
>       director = Person("Director")
E       NameError: name 'Person' is not defined

test_student.py:19: NameError
_____________________________ test_s_hierarchy_3 ______________________________

    def test_s_hierarchy_3():
>       t_d = get_hier()

test_student.py:129: 
_ _ _ _ _ _ _ _ _ _ _ _ _ _ _ _ _ _ _ _ _ _ _ _ _ _ _ _ _ _ _ _ _ _ _ _ _ _ _ _

    def get_hier():
>       director = Person("Director")
E       NameError: name 'Person' is not defined

test_student.py:19: NameError
========================== 11 failed in 0.29 seconds ==========================
============================= test session starts =============================
platform win32 -- Python 3.6.5, pytest-3.10.1, py-1.5.3, pluggy-0.12.0
rootdir: C:\Users\Saad Malik\Desktop\a06, inifile:
plugins: arraydiff-0.2, doctestplus-0.1.3, openfiles-0.3.0, remotedata-0.2.1, timeout-1.3.3
timeout: 3.0s
timeout method: thread
timeout func_only: False
collected 11 items

test_student.py FFFFFFFFFFF                                              [100%]

================================== FAILURES ===================================
_______________________________ test_s_person_1 _______________________________

    def test_s_person_1():
>       director = Person("Director")
E       NameError: name 'Person' is not defined

test_student.py:60: NameError
______________________________ test_s_find_val_1 ______________________________

    def test_s_find_val_1():
>       t_d = get_hier()

test_student.py:67: 
_ _ _ _ _ _ _ _ _ _ _ _ _ _ _ _ _ _ _ _ _ _ _ _ _ _ _ _ _ _ _ _ _ _ _ _ _ _ _ _

    def get_hier():
>       director = Person("Director")
E       NameError: name 'Person' is not defined

test_student.py:19: NameError
______________________________ test_s_find_val_2 ______________________________

    def test_s_find_val_2():
>       t_d = get_hier()

test_student.py:72: 
_ _ _ _ _ _ _ _ _ _ _ _ _ _ _ _ _ _ _ _ _ _ _ _ _ _ _ _ _ _ _ _ _ _ _ _ _ _ _ _

    def get_hier():
>       director = Person("Director")
E       NameError: name 'Person' is not defined

test_student.py:19: NameError
______________________________ test_s_find_val_3 ______________________________

    def test_s_find_val_3():
>       t_d = get_hier_2()

test_student.py:78: 
_ _ _ _ _ _ _ _ _ _ _ _ _ _ _ _ _ _ _ _ _ _ _ _ _ _ _ _ _ _ _ _ _ _ _ _ _ _ _ _

    def get_hier_2():
>       director = Person("Rector")
E       NameError: name 'Person' is not defined

test_student.py:39: NameError
______________________________ test_s_find_val_4 ______________________________

    def test_s_find_val_4():
>       t_d = get_hier_2()

test_student.py:84: 
_ _ _ _ _ _ _ _ _ _ _ _ _ _ _ _ _ _ _ _ _ _ _ _ _ _ _ _ _ _ _ _ _ _ _ _ _ _ _ _

    def get_hier_2():
>       director = Person("Rector")
E       NameError: name 'Person' is not defined

test_student.py:39: NameError
______________________________ test_s_find_val_5 ______________________________

    def test_s_find_val_5():
>       t_d = get_hier_2()

test_student.py:90: 
_ _ _ _ _ _ _ _ _ _ _ _ _ _ _ _ _ _ _ _ _ _ _ _ _ _ _ _ _ _ _ _ _ _ _ _ _ _ _ _

    def get_hier_2():
>       director = Person("Rector")
E       NameError: name 'Person' is not defined

test_student.py:39: NameError
_____________________________ test_s_collector_1 ______________________________

    def test_s_collector_1():
>       t_d = get_hier()

test_student.py:104: 
_ _ _ _ _ _ _ _ _ _ _ _ _ _ _ _ _ _ _ _ _ _ _ _ _ _ _ _ _ _ _ _ _ _ _ _ _ _ _ _

    def get_hier():
>       director = Person("Director")
E       NameError: name 'Person' is not defined

test_student.py:19: NameError
_____________________________ test_s_collector_2 ______________________________

    def test_s_collector_2():
>       t_d = get_hier()

test_student.py:110: 
_ _ _ _ _ _ _ _ _ _ _ _ _ _ _ _ _ _ _ _ _ _ _ _ _ _ _ _ _ _ _ _ _ _ _ _ _ _ _ _

    def get_hier():
>       director = Person("Director")
E       NameError: name 'Person' is not defined

test_student.py:19: NameError
_____________________________ test_s_hierarchy_1 ______________________________

    def test_s_hierarchy_1():
>       t_d = get_hier()

test_student.py:117: 
_ _ _ _ _ _ _ _ _ _ _ _ _ _ _ _ _ _ _ _ _ _ _ _ _ _ _ _ _ _ _ _ _ _ _ _ _ _ _ _

    def get_hier():
>       director = Person("Director")
E       NameError: name 'Person' is not defined

test_student.py:19: NameError
_____________________________ test_s_hierarchy_2 ______________________________

    def test_s_hierarchy_2():
>       t_d = get_hier()

test_student.py:123: 
_ _ _ _ _ _ _ _ _ _ _ _ _ _ _ _ _ _ _ _ _ _ _ _ _ _ _ _ _ _ _ _ _ _ _ _ _ _ _ _

    def get_hier():
>       director = Person("Director")
E       NameError: name 'Person' is not defined

test_student.py:19: NameError
_____________________________ test_s_hierarchy_3 ______________________________

    def test_s_hierarchy_3():
>       t_d = get_hier()

test_student.py:129: 
_ _ _ _ _ _ _ _ _ _ _ _ _ _ _ _ _ _ _ _ _ _ _ _ _ _ _ _ _ _ _ _ _ _ _ _ _ _ _ _

    def get_hier():
>       director = Person("Director")
E       NameError: name 'Person' is not defined

test_student.py:19: NameError
========================== 11 failed in 0.32 seconds ==========================
