============================= test session starts =============================
platform win32 -- Python 3.6.5, pytest-3.10.1, py-1.5.3, pluggy-0.12.0
rootdir: C:\Users\Saad Malik\Desktop\ass5, inifile:
plugins: arraydiff-0.2, doctestplus-0.1.3, openfiles-0.3.0, remotedata-0.2.1, timeout-1.3.3
timeout: 3.0s
timeout method: thread
timeout func_only: False
collected 5 items

test_student.py .FFFF                                                    [100%]

================================== FAILURES ===================================
________________________________ test_s_rev_1 _________________________________

    def test_s_rev_1():
        l = LinkedList()
        l.push(1)
        l.push(2)
        l.push(3)
>       l.reverse_list()
E       AttributeError: 'LinkedList' object has no attribute 'reverse_list'

test_student.py:19: AttributeError
________________________________ test_s_rev_2 _________________________________

    def test_s_rev_2():
        l = LinkedList()
        l.push(10)
        l.push(20)
>       l.reverse_list()
E       AttributeError: 'LinkedList' object has no attribute 'reverse_list'

test_student.py:29: AttributeError
________________________________ test_s_rev_3 _________________________________

    def test_s_rev_3():
        l = LinkedList()
>       l.reverse_list()
E       AttributeError: 'LinkedList' object has no attribute 'reverse_list'

test_student.py:36: AttributeError
________________________________ test_s_rev_4 _________________________________

    def test_s_rev_4():
        l = LinkedList()
        l.push(4)
>       l.reverse_list()
E       AttributeError: 'LinkedList' object has no attribute 'reverse_list'

test_student.py:44: AttributeError
===================== 4 failed, 1 passed in 0.45 seconds ======================
============================= test session starts =============================
platform win32 -- Python 3.6.5, pytest-3.10.1, py-1.5.3, pluggy-0.12.0
rootdir: C:\Users\Saad Malik\Desktop\ass5, inifile:
plugins: arraydiff-0.2, doctestplus-0.1.3, openfiles-0.3.0, remotedata-0.2.1, timeout-1.3.3
timeout: 3.0s
timeout method: thread
timeout func_only: False
collected 5 items

test_student.py .FFFF                                                    [100%]

================================== FAILURES ===================================
________________________________ test_s_rev_1 _________________________________

    def test_s_rev_1():
        l = LinkedList()
        l.push(1)
        l.push(2)
        l.push(3)
>       l.reverse_list()
E       AttributeError: 'LinkedList' object has no attribute 'reverse_list'

test_student.py:19: AttributeError
________________________________ test_s_rev_2 _________________________________

    def test_s_rev_2():
        l = LinkedList()
        l.push(10)
        l.push(20)
>       l.reverse_list()
E       AttributeError: 'LinkedList' object has no attribute 'reverse_list'

test_student.py:29: AttributeError
________________________________ test_s_rev_3 _________________________________

    def test_s_rev_3():
        l = LinkedList()
>       l.reverse_list()
E       AttributeError: 'LinkedList' object has no attribute 'reverse_list'

test_student.py:36: AttributeError
________________________________ test_s_rev_4 _________________________________

    def test_s_rev_4():
        l = LinkedList()
        l.push(4)
>       l.reverse_list()
E       AttributeError: 'LinkedList' object has no attribute 'reverse_list'

test_student.py:44: AttributeError
===================== 4 failed, 1 passed in 0.12 seconds ======================
============================= test session starts =============================
platform win32 -- Python 3.6.5, pytest-3.10.1, py-1.5.3, pluggy-0.12.0
rootdir: C:\Users\Saad Malik\Desktop\ass5, inifile:
plugins: arraydiff-0.2, doctestplus-0.1.3, openfiles-0.3.0, remotedata-0.2.1, timeout-1.3.3
timeout: 3.0s
timeout method: thread
timeout func_only: False
collected 5 items

test_student.py .....                                                    [100%]

========================== 5 passed in 0.05 seconds ===========================
